<?xml version="1.0" encoding="utf-8"?><testsuites><testsuite name="pytest" errors="0" failures="1" skipped="0" tests="7" time="11.027" timestamp="2026-02-20T17:17:32.252230" hostname="AOSs-MBP.lan"><testcase classname="test_knowledge_activation" name="test_knowledge_activation" time="4.989" /><testcase classname="scripts.test_action_execution" name="test_explicit_action_detection" time="0.001" /><testcase classname="scripts.test_analysis_api" name="test_database" time="0.005" /><testcase classname="scripts.test_analysis_api" name="test_priority_scoring" time="0.000" /><testcase classname="scripts.test_analysis_api" name="test_configuration_filtering" time="0.000" /><testcase classname="scripts.test_analysis_api" name="test_api_models" time="0.000" /><testcase classname="scripts.test_analysis_e2e" name="test_backend_health" time="0.032"><failure message="requests.exceptions.SSLError: HTTPSConnectionPool(host='127.0.0.1', port=8000): Max retries exceeded with url: /health (Caused by SSLError(SSLError(1, '[SSL: WRONG_VERSION_NUMBER] wrong version number (_ssl.c:1000)')))">../atlas/venv/lib/python3.12/site-packages/urllib3/connectionpool.py:464: in _make_request
    self._validate_conn(conn)
../atlas/venv/lib/python3.12/site-packages/urllib3/connectionpool.py:1093: in _validate_conn
    conn.connect()
../atlas/venv/lib/python3.12/site-packages/urllib3/connection.py:741: in connect
    sock_and_verified = _ssl_wrap_socket_and_match_hostname(
../atlas/venv/lib/python3.12/site-packages/urllib3/connection.py:920: in _ssl_wrap_socket_and_match_hostname
    ssl_sock = ssl_wrap_socket(
../atlas/venv/lib/python3.12/site-packages/urllib3/util/ssl_.py:460: in ssl_wrap_socket
    ssl_sock = _ssl_wrap_socket_impl(sock, context, tls_in_tls, server_hostname)
../atlas/venv/lib/python3.12/site-packages/urllib3/util/ssl_.py:504: in _ssl_wrap_socket_impl
    return ssl_context.wrap_socket(sock, server_hostname=server_hostname)
/Library/Frameworks/Python.framework/Versions/3.12/lib/python3.12/ssl.py:455: in wrap_socket
    return self.sslsocket_class._create(
/Library/Frameworks/Python.framework/Versions/3.12/lib/python3.12/ssl.py:1042: in _create
    self.do_handshake()
/Library/Frameworks/Python.framework/Versions/3.12/lib/python3.12/ssl.py:1320: in do_handshake
    self._sslobj.do_handshake()
E   ssl.SSLError: [SSL: WRONG_VERSION_NUMBER] wrong version number (_ssl.c:1000)

During handling of the above exception, another exception occurred:
../atlas/venv/lib/python3.12/site-packages/urllib3/connectionpool.py:787: in urlopen
    response = self._make_request(
../atlas/venv/lib/python3.12/site-packages/urllib3/connectionpool.py:488: in _make_request
    raise new_e
E   urllib3.exceptions.SSLError: [SSL: WRONG_VERSION_NUMBER] wrong version number (_ssl.c:1000)

The above exception was the direct cause of the following exception:
../atlas/venv/lib/python3.12/site-packages/requests/adapters.py:644: in send
    resp = conn.urlopen(
../atlas/venv/lib/python3.12/site-packages/urllib3/connectionpool.py:841: in urlopen
    retries = retries.increment(
../atlas/venv/lib/python3.12/site-packages/urllib3/util/retry.py:519: in increment
    raise MaxRetryError(_pool, url, reason) from reason  # type: ignore[arg-type]
E   urllib3.exceptions.MaxRetryError: HTTPSConnectionPool(host='127.0.0.1', port=8000): Max retries exceeded with url: /health (Caused by SSLError(SSLError(1, '[SSL: WRONG_VERSION_NUMBER] wrong version number (_ssl.c:1000)')))

During handling of the above exception, another exception occurred:
../atlas/scripts/test_analysis_e2e.py:33: in test_backend_health
    response = requests.get(f"{BASE_URL}/health")
../atlas/venv/lib/python3.12/site-packages/requests/api.py:73: in get
    return request("get", url, params=params, **kwargs)
../atlas/venv/lib/python3.12/site-packages/requests/api.py:59: in request
    return session.request(method=method, url=url, **kwargs)
../atlas/venv/lib/python3.12/site-packages/requests/sessions.py:589: in request
    resp = self.send(prep, **send_kwargs)
../atlas/venv/lib/python3.12/site-packages/requests/sessions.py:724: in send
    history = [resp for resp in gen]
../atlas/venv/lib/python3.12/site-packages/requests/sessions.py:265: in resolve_redirects
    resp = self.send(
../atlas/venv/lib/python3.12/site-packages/requests/sessions.py:703: in send
    r = adapter.send(request, **kwargs)
../atlas/venv/lib/python3.12/site-packages/requests/adapters.py:675: in send
    raise SSLError(e, request=request)
E   requests.exceptions.SSLError: HTTPSConnectionPool(host='127.0.0.1', port=8000): Max retries exceeded with url: /health (Caused by SSLError(SSLError(1, '[SSL: WRONG_VERSION_NUMBER] wrong version number (_ssl.c:1000)')))</failure></testcase></testsuite></testsuites>