<?xml version="1.0" encoding="utf-8"?><testsuites><testsuite name="pytest" errors="0" failures="10" skipped="24" tests="4746" time="783.202" timestamp="2026-02-24T05:54:05.288024" hostname="AOSs-MacBook-Pro.local"><testcase classname="test_knowledge_activation" name="test_knowledge_activation" time="3.968" /><testcase classname="scripts.test_action_execution" name="test_explicit_action_detection" time="0.001" /><testcase classname="scripts.test_analysis_api" name="test_database" time="0.006" /><testcase classname="scripts.test_analysis_api" name="test_priority_scoring" time="0.000" /><testcase classname="scripts.test_analysis_api" name="test_configuration_filtering" time="0.000" /><testcase classname="scripts.test_analysis_api" name="test_api_models" time="0.000" /><testcase classname="scripts.test_analysis_e2e" name="test_backend_health" time="0.009" /><testcase classname="scripts.test_analysis_e2e" name="test_get_runs_empty" time="0.008" /><testcase classname="scripts.test_analysis_e2e" name="test_start_analysis" time="0.230" /><testcase classname="scripts.test_analysis_e2e" name="test_get_runs_with_data" time="0.006" /><testcase classname="scripts.test_console_intelligence" name="test_with_llm_client" time="12.549" /><testcase classname="scripts.test_console_intelligence" name="test_with_orchestrator" time="0.002" /><testcase classname="scripts.test_gui_sandbox" name="test_gui_container" time="1.064" /><testcase classname="scripts.test_gui_sandbox" name="test_non_gui_container" time="0.294" /><testcase classname="tests.test_abstraction_engine" name="test_abstraction_engine_initialization" time="0.021" /><testcase classname="tests.test_abstraction_engine" name="test_abstraction_engine_initialization_defaults" time="0.000" /><testcase classname="tests.test_abstraction_engine" name="test_extract_principles_success" time="0.003" /><testcase classname="tests.test_abstraction_engine" name="test_extract_principles_validator_rejection" time="0.003" /><testcase classname="tests.test_abstraction_engine" name="test_extract_principles_no_graphs" time="0.003" /><testcase classname="tests.test_abstraction_engine" name="test_extract_principles_caches_results" time="0.002" /><testcase classname="tests.test_abstraction_engine" name="test_extract_principles_l6_integration" time="0.003" /><testcase classname="tests.test_abstraction_engine" name="test_detect_pydantic_validation_pattern" time="0.002" /><testcase classname="tests.test_abstraction_engine" name="test_detect_inheritance_pattern" time="0.002" /><testcase classname="tests.test_abstraction_engine" name="test_detect_error_handling_pattern" time="0.003" /><testcase classname="tests.test_abstraction_engine" name="test_identify_common_patterns_min_frequency" time="0.002" /><testcase classname="tests.test_abstraction_engine" name="test_generalize_pydantic_pattern" time="0.002" /><testcase classname="tests.test_abstraction_engine" name="test_generalize_inheritance_pattern" time="0.002" /><testcase classname="tests.test_abstraction_engine" name="test_generalize_error_handling_pattern" time="0.002" /><testcase classname="tests.test_abstraction_engine" name="test_apply_principle_to_domain_success" time="0.003" /><testcase classname="tests.test_abstraction_engine" name="test_apply_principle_validator_rejection" time="0.003" /><testcase classname="tests.test_abstraction_engine" name="test_apply_principle_librarian_query" time="0.002" /><testcase classname="tests.test_abstraction_engine" name="test_apply_principle_sandbox_validation" time="0.003" /><testcase classname="tests.test_abstraction_engine" name="test_validate_in_sandbox_valid_code" time="0.002" /><testcase classname="tests.test_abstraction_engine" name="test_validate_in_sandbox_invalid_code" time="0.002" /><testcase classname="tests.test_abstraction_engine" name="test_generate_code_validation_principle" time="0.003" /><testcase classname="tests.test_abstraction_engine" name="test_generate_code_other_principle" time="0.002" /><testcase classname="tests.test_abstraction_engine" name="test_generate_tests_for_code" time="0.002" /><testcase classname="tests.test_abstraction_engine" name="test_store_principles_in_l6_success" time="0.002" /><testcase classname="tests.test_abstraction_engine" name="test_store_principles_no_l6" time="0.002" /><testcase classname="tests.test_abstraction_engine" name="test_store_principles_l6_error" time="0.002" /><testcase classname="tests.test_abstraction_engine" name="test_get_cached_principle" time="0.003" /><testcase classname="tests.test_abstraction_engine" name="test_get_cached_principle_not_found" time="0.002" /><testcase classname="tests.test_abstraction_engine" name="test_list_cached_principles" time="0.002" /><testcase classname="tests.test_abstraction_engine" name="test_adapt_principle_description" time="0.002" /><testcase classname="tests.test_abstraction_engine" name="test_get_domain_context_with_librarian" time="0.002" /><testcase classname="tests.test_abstraction_engine" name="test_get_domain_context_without_librarian" time="0.000" /><testcase classname="tests.test_auto_retraining.TestTriggerDetection" name="test_correction_threshold_trigger" time="0.001" /><testcase classname="tests.test_auto_retraining.TestTriggerDetection" name="test_no_trigger_when_below_threshold" time="0.001" /><testcase classname="tests.test_auto_retraining.TestTriggerDetection" name="test_accuracy_degradation_trigger" time="0.001" /><testcase classname="tests.test_auto_retraining.TestTriggerDetection" name="test_error_rate_spike_trigger" time="0.001" /><testcase classname="tests.test_auto_retraining.TestTriggerDetection" name="test_staleness_trigger" time="0.001" /><testcase classname="tests.test_auto_retraining.TestTriggerDetection" name="test_coverage_gap_trigger" time="0.002" /><testcase classname="tests.test_auto_retraining.TestTriggerDetection" name="test_check_all_triggers" time="0.004" /><testcase classname="tests.test_auto_retraining.TestTriggerHistory" name="test_record_trigger" time="0.002" /><testcase classname="tests.test_auto_retraining.TestTriggerHistory" name="test_get_trigger_statistics" time="0.001" /><testcase classname="tests.test_auto_retraining.TestRetrainingWorkflow" name="test_successful_workflow" time="0.003" /><testcase classname="tests.test_auto_retraining.TestRetrainingWorkflow" name="test_workflow_fails_on_low_validation" time="0.002" /><testcase classname="tests.test_auto_retraining.TestRetrainingWorkflow" name="test_workflow_fails_on_sandbox_error" time="0.002" /><testcase classname="tests.test_auto_retraining.TestAutoRetrainingDaemon" name="test_daemon_initialization" time="0.001" /><testcase classname="tests.test_auto_retraining.TestAutoRetrainingDaemon" name="test_create_job_from_trigger" time="0.001" /><testcase classname="tests.test_auto_retraining.TestAutoRetrainingDaemon" name="test_queue_job" time="0.002" /><testcase classname="tests.test_auto_retraining.TestAutoRetrainingDaemon" name="test_rate_limiting" time="0.001" /><testcase classname="tests.test_auto_retraining.TestAutoRetrainingDaemon" name="test_concurrent_retrain_prevention" time="0.001" /><testcase classname="tests.test_auto_retraining.TestAutoRetrainingDaemon" name="test_check_cycle_with_no_triggers" time="0.002" /><testcase classname="tests.test_auto_retraining.TestAutoRetrainingDaemon" name="test_check_cycle_with_triggers" time="0.002" /><testcase classname="tests.test_auto_retraining.TestAutoRetrainingDaemon" name="test_weekly_report_generation" time="0.001" /><testcase classname="tests.test_auto_retraining.TestPhase15Integration" name="test_end_to_end_retraining_flow" time="0.003" /><testcase classname="tests.test_auto_retraining.TestPhase15Integration" name="test_daemon_respects_rate_limits" time="0.002" /><testcase classname="tests.test_auto_retraining.TestPhase15Integration" name="test_trigger_history_tracking" time="0.001" /><testcase classname="tests.test_auto_retraining.TestPerformance" name="test_trigger_detection_performance" time="0.001" /><testcase classname="tests.test_auto_retraining.TestPerformance" name="test_daemon_check_cycle_performance" time="0.001" /><testcase classname="tests.test_auto_update_timing" name="test_file_modification_timing" time="0.013" /><testcase classname="tests.test_auto_update_timing" name="test_git_hook_timing" time="0.001" /><testcase classname="tests.test_auto_update_timing" name="test_batch_file_indexing_timing" time="0.031" /><testcase classname="tests.test_auto_update_timing" name="test_timing_summary" time="0.000" /><testcase classname="tests.test_cross_referencing.TestFindUsages" name="test_find_usages_indexed_symbol" time="0.006" /><testcase classname="tests.test_cross_referencing.TestFindUsages" name="test_find_usages_nonexistent_symbol" time="0.005" /><testcase classname="tests.test_cross_referencing.TestFindUsages" name="test_find_usages_with_dots" time="0.007" /><testcase classname="tests.test_cross_referencing.TestImpactAnalysis" name="test_analyze_impact_low_risk" time="0.006" /><testcase classname="tests.test_cross_referencing.TestImpactAnalysis" name="test_analyze_impact_with_description" time="0.006" /><testcase classname="tests.test_cross_referencing.TestImpactAnalysis" name="test_analyze_impact_deletion" time="0.006" /><testcase classname="tests.test_cross_referencing.TestImpactAnalysis" name="test_impact_report_structure" time="0.006" /><testcase classname="tests.test_cross_referencing.TestRiskLevels" name="test_risk_level_enum" time="0.004" /><testcase classname="tests.test_dependency_graph.TestDependencyNodeSchema" name="test_valid_node_creation" time="0.000" /><testcase classname="tests.test_dependency_graph.TestDependencyNodeSchema" name="test_line_end_validation" time="0.000" /><testcase classname="tests.test_dependency_graph.TestDependencyNodeSchema" name="test_node_id_not_empty" time="0.000" /><testcase classname="tests.test_dependency_graph.TestDependencyNodeSchema" name="test_default_values" time="0.000" /><testcase classname="tests.test_dependency_graph.TestDependencyEdgeSchema" name="test_valid_edge_creation" time="0.000" /><testcase classname="tests.test_dependency_graph.TestDependencyEdgeSchema" name="test_no_self_reference" time="0.000" /><testcase classname="tests.test_dependency_graph.TestDependencyEdgeSchema" name="test_default_context_and_weight" time="0.000" /><testcase classname="tests.test_dependency_graph.TestDependencyGraphOperations" name="test_add_node" time="0.001" /><testcase classname="tests.test_dependency_graph.TestDependencyGraphOperations" name="test_add_edge" time="0.001" /><testcase classname="tests.test_dependency_graph.TestDependencyGraphOperations" name="test_add_edge_with_nonexistent_nodes" time="0.000" /><testcase classname="tests.test_dependency_graph.TestDependencyGraphOperations" name="test_get_node" time="0.000" /><testcase classname="tests.test_dependency_graph.TestDependencyQueries" name="test_get_direct_dependencies" time="0.001" /><testcase classname="tests.test_dependency_graph.TestDependencyQueries" name="test_get_transitive_dependencies" time="0.001" /><testcase classname="tests.test_dependency_graph.TestDependencyQueries" name="test_get_direct_dependents" time="0.001" /><testcase classname="tests.test_dependency_graph.TestDependencyQueries" name="test_get_transitive_dependents" time="0.001" /><testcase classname="tests.test_dependency_graph.TestDependencyQueries" name="test_filter_by_edge_type" time="0.001" /><testcase classname="tests.test_dependency_graph.TestAffectedTests" name="test_find_direct_tests" time="0.001" /><testcase classname="tests.test_dependency_graph.TestAffectedTests" name="test_find_transitive_tests" time="0.001" /><testcase classname="tests.test_dependency_graph.TestSerialization" name="test_serialize" time="0.001" /><testcase classname="tests.test_dependency_graph.TestSerialization" name="test_deserialize" time="0.001" /><testcase classname="tests.test_dependency_graph.TestSerialization" name="test_adjacency_lists_restored" time="0.001" /><testcase classname="tests.test_dependency_graph.TestASTAnalyzer" name="test_analyze_file" time="0.001" /><testcase classname="tests.test_dependency_graph.TestASTAnalyzer" name="test_extract_methods" time="0.001" /><testcase classname="tests.test_dependency_graph.TestBuildDependencyGraph" name="test_build_graph_from_project" time="0.001" /><testcase classname="tests.test_dependency_graph.TestBuildDependencyGraph" name="test_handles_syntax_errors" time="0.001" /><testcase classname="tests.test_dependency_graph.TestFunctionCalls" name="test_extract_function_calls" time="0.001" /><testcase classname="tests.test_dependency_graph.TestFunctionCalls" name="test_edge_deduplication" time="0.000" /><testcase classname="tests.test_dependency_graph.TestInheritance" name="test_extract_inheritance" time="0.001" /><testcase classname="tests.test_dependency_graph.TestCyclomaticComplexity" name="test_simple_function_complexity" time="0.001" /><testcase classname="tests.test_dependency_graph.TestCyclomaticComplexity" name="test_complex_function_complexity" time="0.001" /><testcase classname="tests.test_dependency_graph.TestModuleNodes" name="test_module_nodes_created" time="0.001" /><testcase classname="tests.test_e2e_workflows.TestMetaAssessmentE2E" name="test_full_assessment_generation_workflow" time="0.005" /><testcase classname="tests.test_e2e_workflows.TestMetaAssessmentE2E" name="test_assessment_tracks_improvement_over_time" time="0.006" /><testcase classname="tests.test_e2e_workflows.TestSandboxExecutionWorkflow" name="test_code_execution_with_history_tracking" time="4.915" /><testcase classname="tests.test_e2e_workflows.TestSandboxExecutionWorkflow" name="test_execution_updates_statistics" time="0.144" /><testcase classname="tests.test_e2e_workflows.TestProposalWorkflow" name="test_full_proposal_lifecycle" time="0.009" /><testcase classname="tests.test_e2e_workflows.TestProposalWorkflow" name="test_proposal_apply_with_tests" time="0.004" /><testcase classname="tests.test_e2e_workflows.TestIntegratedFeatureWorkflow" name="test_sandbox_to_proposal_workflow" time="0.133" /><testcase classname="tests.test_e2e_workflows.TestIntegratedFeatureWorkflow" name="test_assessment_reflects_sandbox_usage" time="0.393" /><testcase classname="tests.test_e2e_workflows.TestErrorRecoveryWorkflow" name="test_sandbox_timeout_recovery" time="1.311" /><testcase classname="tests.test_e2e_workflows.TestErrorRecoveryWorkflow" name="test_proposal_failure_rollback" time="0.291" /><testcase classname="tests.test_errors.TestErrorsModule" name="test_errors_module_imports" time="0.000" /><testcase classname="tests.test_errors.TestErrorsModule" name="test_custom_exceptions_exist" time="0.000" /><testcase classname="tests.test_errors.TestErrorsModule" name="test_exception_inheritance" time="0.000" /><testcase classname="tests.test_goal_manager" name="test_goal_manager_initialization" time="0.001" /><testcase classname="tests.test_goal_manager" name="test_check_goals_no_goals" time="0.003" /><testcase classname="tests.test_goal_manager" name="test_deadline_alert_approaching" time="0.005" /><testcase classname="tests.test_goal_manager" name="test_deadline_alert_overdue" time="0.005" /><testcase classname="tests.test_goal_manager" name="test_deadline_alert_no_duplicate" time="0.004" /><testcase classname="tests.test_goal_manager" name="test_completion_alert" time="0.003" /><testcase classname="tests.test_goal_manager" name="test_stalled_goal_detection" time="0.005" /><testcase classname="tests.test_goal_manager" name="test_blocker_detection" time="0.005" /><testcase classname="tests.test_goal_manager" name="test_in_progress_goals_monitored" time="0.003" /><testcase classname="tests.test_goal_manager" name="test_get_active_goals_summary_empty" time="0.002" /><testcase classname="tests.test_goal_manager" name="test_get_active_goals_summary_with_goals" time="0.003" /><testcase classname="tests.test_goal_manager" name="test_goals_sorted_by_priority_and_deadline" time="0.003" /><testcase classname="tests.test_goal_manager" name="test_clear_alert_history" time="0.004" /><testcase classname="tests.test_goal_manager" name="test_goal_alert_to_proactive_event" time="0.000" /><testcase classname="tests.test_goal_manager" name="test_multiple_deadline_thresholds" time="0.004" /><testcase classname="tests.test_goal_manager" name="test_no_deadline_no_alert" time="0.004" /><testcase classname="tests.test_goal_manager" name="test_completed_goal_not_monitored" time="0.002" /><testcase classname="tests.test_import_guard.TestImportGuardInstallation" name="test_install_import_guard" time="0.030" /><testcase classname="tests.test_import_guard.TestImportGuardInstallation" name="test_install_is_idempotent" time="0.023" /><testcase classname="tests.test_import_guard.TestImportGuardInstallation" name="test_uninstall_import_guard" time="0.022" /><testcase classname="tests.test_import_guard.TestCriticalModuleProtection" name="test_critical_modules_list" time="0.000" /><testcase classname="tests.test_import_guard.TestCriticalModuleProtection" name="test_integrity_verified_on_import" time="0.023" /><testcase classname="tests.test_import_guard.TestCriticalModuleProtection" name="test_non_critical_modules_not_checked" time="0.023" /><testcase classname="tests.test_import_guard.TestReloadAttackPrevention" name="test_reload_attempt_detected" time="0.023" /><testcase classname="tests.test_import_guard.TestReloadAttackPrevention" name="test_different_modules_can_be_loaded" time="0.025" /><testcase classname="tests.test_import_guard.TestIntegrityViolationDetection" name="test_tampered_module_rejected" time="0.024" /><testcase classname="tests.test_import_guard.TestIntegrityViolationDetection" name="test_non_critical_modules_load_despite_integrity_issues" time="0.023" /><testcase classname="tests.test_import_guard.TestImportGuardIntegration" name="test_import_guard_in_meta_path" time="0.022" /><testcase classname="tests.test_import_guard.TestImportGuardIntegration" name="test_import_guard_cleanup" time="0.023" /><testcase classname="tests.test_import_guard.TestLoaderBehavior" name="test_loader_tracks_loaded_modules" time="0.023" /><testcase classname="tests.test_import_guard.TestLoaderBehavior" name="test_non_critical_modules_not_tracked" time="0.023" /><testcase classname="tests.test_import_guard.TestLoaderBehavior" name="test_submodules_are_critical" time="0.023" /><testcase classname="tests.test_integrity_guard.TestIntegrityGuard" name="test_can_seal_integrity" time="0.004" /><testcase classname="tests.test_integrity_guard.TestIntegrityGuard" name="test_cannot_seal_twice" time="0.002" /><testcase classname="tests.test_integrity_guard.TestIntegrityGuard" name="test_verify_unchanged_files_passes" time="0.002" /><testcase classname="tests.test_integrity_guard.TestIntegrityGuard" name="test_detect_modified_file" time="0.002" /><testcase classname="tests.test_integrity_guard.TestIntegrityGuard" name="test_detect_deleted_file" time="0.002" /><testcase classname="tests.test_integrity_guard.TestIntegrityGuard" name="test_detect_multiple_violations" time="0.003" /><testcase classname="tests.test_integrity_guard.TestIntegrityGuard" name="test_verification_counter_increments" time="0.002" /><testcase classname="tests.test_integrity_guard.TestIntegrityGuard" name="test_force_reseal_allows_changes" time="0.004" /><testcase classname="tests.test_integrity_guard.TestIntegrityGuard" name="test_get_status_before_seal" time="0.001" /><testcase classname="tests.test_integrity_guard.TestIntegrityGuard" name="test_missing_critical_file_prevents_seal" time="0.001" /><testcase classname="tests.test_integrity_guard.TestIntegrityGuardGlobalSingleton" name="test_initialize_global_guard" time="0.002" /><testcase classname="tests.test_integrity_guard.TestIntegrityGuardGlobalSingleton" name="test_initialize_is_idempotent" time="0.002" /><testcase classname="tests.test_integrity_guard.TestIntegrityGuardGlobalSingleton" name="test_get_guard_before_init_raises" time="0.000" /><testcase classname="tests.test_integrity_guard.TestIntegrityGuardEdgeCases" name="test_subtle_whitespace_change_detected" time="0.002" /><testcase classname="tests.test_integrity_guard.TestIntegrityGuardEdgeCases" name="test_comment_injection_detected" time="0.002" /><testcase classname="tests.test_integrity_guard.TestIntegrityGuardEdgeCases" name="test_replacing_file_with_same_size_detected" time="0.002" /><testcase classname="tests.test_intent_predictor" name="test_intent_predictor_initialization" time="0.001" /><testcase classname="tests.test_intent_predictor" name="test_predict_next_actions_empty" time="0.004" /><testcase classname="tests.test_intent_predictor" name="test_sequential_prediction" time="0.008" /><testcase classname="tests.test_intent_predictor" name="test_goal_based_prediction" time="0.005" /><testcase classname="tests.test_intent_predictor" name="test_time_based_prediction" time="0.005" /><testcase classname="tests.test_intent_predictor" name="test_context_based_prediction" time="0.004" /><testcase classname="tests.test_intent_predictor" name="test_confidence_filtering" time="0.005" /><testcase classname="tests.test_intent_predictor" name="test_top_n_predictions" time="0.007" /><testcase classname="tests.test_intent_predictor" name="test_deduplication" time="0.005" /><testcase classname="tests.test_intent_predictor" name="test_prediction_sorting" time="0.006" /><testcase classname="tests.test_intent_predictor" name="test_extract_action" time="0.001" /><testcase classname="tests.test_intent_predictor" name="test_get_stats" time="0.001" /><testcase classname="tests.test_knowledge_extractor.TestKnowledgeExtractor" name="test_extract_simple_function" time="0.001" /><testcase classname="tests.test_knowledge_extractor.TestKnowledgeExtractor" name="test_extract_class_methods" time="0.001" /><testcase classname="tests.test_knowledge_extractor.TestKnowledgeExtractor" name="test_extract_pydantic_schema" time="0.001" /><testcase classname="tests.test_knowledge_extractor.TestKnowledgeExtractor" name="test_extract_function_with_defaults" time="0.001" /><testcase classname="tests.test_knowledge_extractor.TestKnowledgeExtractor" name="test_extract_imports" time="0.001" /><testcase classname="tests.test_knowledge_extractor.TestKnowledgeExtractor" name="test_fact_generation" time="0.001" /><testcase classname="tests.test_knowledge_extractor.TestKnowledgeExtractor" name="test_extract_invalid_syntax" time="0.001" /><testcase classname="tests.test_knowledge_extractor.TestKnowledgeExtractor" name="test_extract_nonexistent_file" time="0.000" /><testcase classname="tests.test_knowledge_extractor.TestKnowledgeExtractor" name="test_signature_building" time="0.000" /><testcase classname="tests.test_knowledge_librarian.TestKnowledgeLibrarian" name="test_index_single_file" time="0.006" /><testcase classname="tests.test_knowledge_librarian.TestKnowledgeLibrarian" name="test_query_indexed_api" time="0.008" /><testcase classname="tests.test_knowledge_librarian.TestKnowledgeLibrarian" name="test_query_not_found" time="0.006" /><testcase classname="tests.test_knowledge_librarian.TestKnowledgeLibrarian" name="test_query_keyword_extraction" time="0.010" /><testcase classname="tests.test_knowledge_librarian.TestKnowledgeLibrarian" name="test_get_api_definition" time="0.008" /><testcase classname="tests.test_knowledge_librarian.TestKnowledgeLibrarian" name="test_get_schema_definition" time="0.006" /><testcase classname="tests.test_knowledge_librarian.TestKnowledgeLibrarian" name="test_coverage_stats" time="0.006" /><testcase classname="tests.test_knowledge_librarian.TestKnowledgeLibrarian" name="test_index_directory" time="0.008" /><testcase classname="tests.test_knowledge_librarian.TestKnowledgeLibrarian" name="test_query_with_special_characters" time="0.005" /><testcase classname="tests.test_knowledge_librarian.TestKnowledgeLibrarian" name="test_fact_to_api_definition_conversion" time="0.005" /><testcase classname="tests.test_knowledge_librarian.TestLibrarianQueryVariants" name="test_underscore_variant_generation" time="0.005" /><testcase classname="tests.test_knowledge_librarian.TestLibrarianQueryVariants" name="test_query_filtering_short_words" time="0.004" /><testcase classname="tests.test_knowledge_transfer.TestDomainTransfer" name="test_apply_to_domain_basic" time="0.001" /><testcase classname="tests.test_knowledge_transfer.TestDomainTransfer" name="test_apply_validation_principle" time="0.001" /><testcase classname="tests.test_knowledge_transfer.TestDomainTransfer" name="test_apply_error_handling_principle" time="0.001" /><testcase classname="tests.test_knowledge_transfer.TestDomainTransfer" name="test_apply_architectural_principle" time="0.001" /><testcase classname="tests.test_knowledge_transfer.TestDomainTransfer" name="test_stats_tracking" time="0.001" /><testcase classname="tests.test_knowledge_transfer.TestDomainTransfer" name="test_transfer_history" time="0.001" /><testcase classname="tests.test_knowledge_transfer.TestDomainTransfer" name="test_analyze_domain_complexity" time="0.000" /><testcase classname="tests.test_knowledge_transfer.TestPrincipleAbstractor" name="test_abstract_validation_principle" time="0.001" /><testcase classname="tests.test_knowledge_transfer.TestPrincipleAbstractor" name="test_abstract_error_handling_principle" time="0.001" /><testcase classname="tests.test_knowledge_transfer.TestPrincipleAbstractor" name="test_abstract_architectural_principle" time="0.001" /><testcase classname="tests.test_knowledge_transfer.TestPrincipleAbstractor" name="test_invalid_syntax_returns_none" time="0.000" /><testcase classname="tests.test_knowledge_transfer.TestPrincipleAbstractor" name="test_low_confidence_returns_none" time="0.000" /><testcase classname="tests.test_knowledge_transfer.TestPrincipleAbstractor" name="test_get_principle" time="0.001" /><testcase classname="tests.test_knowledge_transfer.TestPrincipleAbstractor" name="test_get_all_principles" time="0.001" /><testcase classname="tests.test_knowledge_transfer.TestPrincipleAbstractor" name="test_stats_tracking" time="0.001" /><testcase classname="tests.test_knowledge_transfer.TestPrincipleAbstractor" name="test_pattern_indicators" time="0.000" /><testcase classname="tests.test_knowledge_transfer.TestKnowledgeTransferIntegration" name="test_extract_and_apply_principle" time="0.002" /><testcase classname="tests.test_learning_effectiveness.TestLabeledSampleSchema" name="test_labeled_sample_creation" time="0.000" /><testcase classname="tests.test_learning_effectiveness.TestLabeledSampleSchema" name="test_labeled_sample_incorrect" time="0.000" /><testcase classname="tests.test_learning_effectiveness.TestLabeledSampleSchema" name="test_labeled_sample_validation" time="0.000" /><testcase classname="tests.test_learning_effectiveness.TestLabeledSampleSchema" name="test_labeled_sample_serialization" time="0.000" /><testcase classname="tests.test_learning_effectiveness.TestABTestMetricsSchema" name="test_metrics_accuracy_calculation" time="0.000" /><testcase classname="tests.test_learning_effectiveness.TestABTestMetricsSchema" name="test_metrics_accuracy_none_when_no_labels" time="0.000" /><testcase classname="tests.test_learning_effectiveness.TestABTestMetricsSchema" name="test_metrics_error_rate" time="0.000" /><testcase classname="tests.test_learning_effectiveness.TestEffectivenessReportSchema" name="test_report_creation" time="0.000" /><testcase classname="tests.test_learning_effectiveness.TestEffectivenessReportSchema" name="test_report_with_recommendations" time="0.000" /><testcase classname="tests.test_learning_effectiveness.TestGroundTruthCollector" name="test_record_ground_truth" time="0.005" /><testcase classname="tests.test_learning_effectiveness.TestGroundTruthCollector" name="test_get_labeled_samples" time="0.001" /><testcase classname="tests.test_learning_effectiveness.TestGroundTruthCollector" name="test_calculate_accuracy" time="0.002" /><testcase classname="tests.test_learning_effectiveness.TestGroundTruthCollector" name="test_get_stats" time="0.002" /><testcase classname="tests.test_learning_effectiveness.TestEffectivenessCoordinator" name="test_deploy_ab_test" time="0.002" /><testcase classname="tests.test_learning_effectiveness.TestEffectivenessCoordinator" name="test_deploy_ab_test_fails_if_running" time="0.002" /><testcase classname="tests.test_learning_effectiveness.TestEffectivenessCoordinator" name="test_record_ground_truth" time="0.001" /><testcase classname="tests.test_learning_effectiveness.TestEffectivenessCoordinator" name="test_generate_effectiveness_report_empty" time="0.001" /><testcase classname="tests.test_learning_effectiveness.TestEffectivenessCoordinator" name="test_generate_effectiveness_report_with_data" time="0.001" /><testcase classname="tests.test_learning_effectiveness.TestEffectivenessCoordinator" name="test_get_active_test_status_none" time="0.001" /><testcase classname="tests.test_learning_effectiveness.TestEffectivenessCoordinator" name="test_get_active_test_status" time="0.001" /><testcase classname="tests.test_learning_effectiveness.TestLearningEffectivenessIntegration" name="test_ground_truth_improves_accuracy_measurement" time="0.008" /><testcase classname="tests.test_learning_effectiveness.TestPerformance" name="test_ground_truth_recording_performance" time="0.069" /><testcase classname="tests.test_learning_effectiveness.TestPerformance" name="test_report_generation_performance" time="0.002" /><testcase classname="tests.test_live_exercise_runner.TestExerciseSchemas" name="test_exercise_creation" time="0.000" /><testcase classname="tests.test_live_exercise_runner.TestExerciseSchemas" name="test_exercise_with_telemetry_types" time="0.000" /><testcase classname="tests.test_live_exercise_runner.TestExerciseSchemas" name="test_exercise_validation_empty_prompt" time="0.000" /><testcase classname="tests.test_live_exercise_runner.TestExerciseSchemas" name="test_exercise_result_creation" time="0.000" /><testcase classname="tests.test_live_exercise_runner.TestExerciseSchemas" name="test_exercise_result_failure" time="0.000" /><testcase classname="tests.test_live_exercise_runner.TestExerciseSchemas" name="test_exercise_results_aggregation" time="0.000" /><testcase classname="tests.test_live_exercise_runner.TestExerciseSchemas" name="test_exercise_results_to_dict" time="0.000" /><testcase classname="tests.test_live_exercise_runner.TestExerciseLibrary" name="test_standard_exercises_exist" time="0.000" /><testcase classname="tests.test_live_exercise_runner.TestExerciseLibrary" name="test_minimal_exercises_exist" time="0.000" /><testcase classname="tests.test_live_exercise_runner.TestExerciseLibrary" name="test_exercise_sets_defined" time="0.000" /><testcase classname="tests.test_live_exercise_runner.TestExerciseLibrary" name="test_exercises_have_required_fields" time="0.000" /><testcase classname="tests.test_live_exercise_runner.TestExerciseLibrary" name="test_exercises_cover_categories" time="0.000" /><testcase classname="tests.test_live_exercise_runner.TestExerciseLibrary" name="test_empathy_exercises_present" time="0.000" /><testcase classname="tests.test_live_exercise_runner.TestLiveExerciseRunner" name="test_runner_initialization" time="0.000" /><testcase classname="tests.test_live_exercise_runner.TestLiveExerciseRunner" name="test_get_available_exercise_sets" time="0.000" /><testcase classname="tests.test_live_exercise_runner.TestLiveExerciseRunner" name="test_get_exercise_count" time="0.000" /><testcase classname="tests.test_live_exercise_runner.TestLiveExerciseRunner" name="test_run_single_exercise_success" time="0.001" /><testcase classname="tests.test_live_exercise_runner.TestLiveExerciseRunner" name="test_run_single_exercise_timeout" time="1.002" /><testcase classname="tests.test_live_exercise_runner.TestLiveExerciseRunner" name="test_run_exercises_minimal_set" time="0.002" /><testcase classname="tests.test_live_exercise_runner.TestCapabilityValidation" name="test_validate_capability_via_telemetry" time="0.000" /><testcase classname="tests.test_live_exercise_runner.TestCapabilityValidation" name="test_validate_capability_via_response_metadata" time="0.000" /><testcase classname="tests.test_live_exercise_runner.TestCapabilityValidation" name="test_validate_greeting_via_response_content" time="0.000" /><testcase classname="tests.test_live_exercise_runner.TestCapabilityValidation" name="test_validate_self_awareness_via_response" time="0.000" /><testcase classname="tests.test_live_exercise_runner.TestCapabilityValidation" name="test_validate_capability_fails_when_no_match" time="0.000" /><testcase classname="tests.test_live_exercise_runner" name="test_run_live_exercises_convenience_function" time="0.001" /><testcase classname="tests.test_logging_config.TestLogLevelSelection" name="test_default_log_level" time="0.000" /><testcase classname="tests.test_logging_config.TestLogLevelSelection" name="test_env_log_level" time="0.000" /><testcase classname="tests.test_logging_config.TestLogLevelSelection" name="test_invalid_log_level_falls_back" time="0.001" /><testcase classname="tests.test_logging_config.TestLogLevelSelection" name="test_case_insensitive_log_level" time="0.000" /><testcase classname="tests.test_logging_config.TestLogFormatSelection" name="test_default_format" time="0.000" /><testcase classname="tests.test_logging_config.TestLogFormatSelection" name="test_simple_format" time="0.000" /><testcase classname="tests.test_logging_config.TestLogFormatSelection" name="test_json_format" time="0.000" /><testcase classname="tests.test_logging_config.TestLogFormatSelection" name="test_detailed_format_explicit" time="0.000" /><testcase classname="tests.test_logging_config.TestLogFileSelection" name="test_default_log_file" time="0.000" /><testcase classname="tests.test_logging_config.TestLogFileSelection" name="test_env_log_file" time="0.000" /><testcase classname="tests.test_logging_config.TestConfigureLogging" name="test_configure_logging_removes_default" time="0.007" /><testcase classname="tests.test_logging_config.TestConfigureLogging" name="test_configure_logging_console_only" time="0.003" /><testcase classname="tests.test_logging_config.TestConfigureLogging" name="test_configure_logging_file_only" time="0.005" /><testcase classname="tests.test_logging_config.TestConfigureLogging" name="test_configure_logging_creates_directory" time="0.005" /><testcase classname="tests.test_logging_config.TestConfigureLogging" name="test_configure_logging_custom_level" time="0.004" /><testcase classname="tests.test_logging_config.TestConfigureTestLogging" name="test_configure_test_logging" time="0.003" /><testcase classname="tests.test_logging_config.TestConfigureTestLogging" name="test_configure_test_logging_uses_simple_format" time="0.003" /><testcase classname="tests.test_logging_config.TestComponentFilter" name="test_add_component_filter" time="0.003" /><testcase classname="tests.test_logging_config.TestStructuredLogger" name="test_get_structured_logger" time="0.000" /><testcase classname="tests.test_logging_config.TestFormatStrings" name="test_detailed_format_has_required_fields" time="0.000" /><testcase classname="tests.test_logging_config.TestFormatStrings" name="test_simple_format_has_required_fields" time="0.000" /><testcase classname="tests.test_logging_config.TestFormatStrings" name="test_json_format_is_valid_structure" time="0.000" /><testcase classname="tests.test_meta_assessment_v3_dynamic.TestJarvisBenchmarkProactiveIntelligence" name="test_proactive_score_all_components_present" time="0.001" /><testcase classname="tests.test_meta_assessment_v3_dynamic.TestJarvisBenchmarkProactiveIntelligence" name="test_proactive_score_partial_components" time="0.001" /><testcase classname="tests.test_meta_assessment_v3_dynamic.TestJarvisBenchmarkProactiveIntelligence" name="test_proactive_score_no_components" time="0.001" /><testcase classname="tests.test_meta_assessment_v3_dynamic.TestJarvisBenchmarkProactiveIntelligence" name="test_proactive_telemetry_detection" time="0.001" /><testcase classname="tests.test_meta_assessment_v3_dynamic.TestSandboxDetection" name="test_sandbox_fully_operational" time="0.000" /><testcase classname="tests.test_meta_assessment_v3_dynamic.TestSandboxDetection" name="test_sandbox_partially_operational" time="0.000" /><testcase classname="tests.test_meta_assessment_v3_dynamic.TestSandboxDetection" name="test_sandbox_not_operational" time="0.000" /><testcase classname="tests.test_meta_assessment_v3_dynamic.TestSandboxDetection" name="test_sandbox_no_atlas_instance" time="0.000" /><testcase classname="tests.test_meta_assessment_v3_dynamic.TestMemoryLayerDetection" name="test_memory_layer_with_data" time="0.003" /><testcase classname="tests.test_meta_assessment_v3_dynamic.TestMemoryLayerDetection" name="test_memory_layer_without_data" time="0.002" /><testcase classname="tests.test_meta_assessment_v3_dynamic.TestMemoryLayerDetection" name="test_l6_attention_layer_active" time="0.002" /><testcase classname="tests.test_meta_assessment_v3_dynamic.TestKnownLimitationsGeneration" name="test_limitations_all_resolved" time="0.001" /><testcase classname="tests.test_meta_assessment_v3_dynamic.TestKnownLimitationsGeneration" name="test_limitations_proactive_gap" time="0.000" /><testcase classname="tests.test_meta_assessment_v3_dynamic.TestRecommendationsGeneration" name="test_recommendations_for_low_proactive_score" time="0.000" /><testcase classname="tests.test_meta_assessment_v3_dynamic.TestRecommendationsGeneration" name="test_no_recommendations_high_scores" time="0.000" /><testcase classname="tests.test_meta_assessment_v3_dynamic.TestSafetyBoundaries" name="test_safety_boundaries_included_in_assessment" time="0.000" /><testcase classname="tests.test_meta_meta_monitor.TestMonitoringDecisionSchema" name="test_valid_monitoring_decision" time="0.000" /><testcase classname="tests.test_meta_meta_monitor.TestMonitoringDecisionSchema" name="test_decision_id_cannot_be_empty" time="0.000" /><testcase classname="tests.test_meta_meta_monitor.TestMonitoringDecisionSchema" name="test_confidence_must_be_in_range" time="0.000" /><testcase classname="tests.test_meta_meta_monitor.TestMonitoringDecisionSchema" name="test_reasoning_minimum_length" time="0.000" /><testcase classname="tests.test_meta_meta_monitor.TestEffectivenessMetricsSchema" name="test_valid_effectiveness_metrics" time="0.000" /><testcase classname="tests.test_meta_meta_monitor.TestEffectivenessMetricsSchema" name="test_f1_score_validation" time="0.000" /><testcase classname="tests.test_meta_meta_monitor.TestEffectivenessMetricsSchema" name="test_counts_must_be_non_negative" time="0.000" /><testcase classname="tests.test_meta_meta_monitor.TestMonitorAssessmentSchema" name="test_valid_assessment" time="0.000" /><testcase classname="tests.test_meta_meta_monitor.TestMonitorAssessmentSchema" name="test_trend_direction_validation" time="0.000" /><testcase classname="tests.test_meta_meta_monitor.TestMonitorImprovementSchema" name="test_valid_improvement" time="0.000" /><testcase classname="tests.test_meta_meta_monitor.TestMonitorImprovementSchema" name="test_improvement_type_validation" time="0.000" /><testcase classname="tests.test_meta_meta_monitor.TestMetaMetaMonitorInitialization" name="test_initialization_success" time="0.000" /><testcase classname="tests.test_meta_meta_monitor.TestMetaMetaMonitorInitialization" name="test_initialization_requires_memory" time="0.000" /><testcase classname="tests.test_meta_meta_monitor.TestMetaMetaMonitorInitialization" name="test_initialization_requires_sandbox" time="0.000" /><testcase classname="tests.test_meta_meta_monitor.TestMonitoringDecisionLogging" name="test_log_monitoring_decision" time="0.000" /><testcase classname="tests.test_meta_meta_monitor.TestMonitoringDecisionLogging" name="test_log_decision_validates_with_pydantic" time="0.000" /><testcase classname="tests.test_meta_meta_monitor.TestDecisionOutcomeTracking" name="test_update_decision_outcome" time="0.000" /><testcase classname="tests.test_meta_meta_monitor.TestDecisionOutcomeTracking" name="test_update_nonexistent_decision_raises" time="0.001" /><testcase classname="tests.test_meta_meta_monitor.TestEffectivenessEvaluation" name="test_evaluate_effectiveness_insufficient_data" time="0.000" /><testcase classname="tests.test_meta_meta_monitor.TestEffectivenessEvaluation" name="test_evaluate_effectiveness_success" time="0.001" /><testcase classname="tests.test_meta_meta_monitor.TestEffectivenessTrackerInitialization" name="test_initialization_success" time="0.000" /><testcase classname="tests.test_meta_meta_monitor.TestEffectivenessTrackerInitialization" name="test_initialization_requires_memory" time="0.000" /><testcase classname="tests.test_meta_meta_monitor.TestComponentEffectivenessAnalysis" name="test_analyze_component_effectiveness" time="0.000" /><testcase classname="tests.test_meta_meta_monitor.TestDetectionLatencyMeasurement" name="test_measure_detection_latency" time="0.000" /><testcase classname="tests.test_meta_meta_monitor.TestDetectionLatencyMeasurement" name="test_latency_measurement_no_data_raises" time="0.000" /><testcase classname="tests.test_meta_meta_monitor.TestRecommendationQualityAssessment" name="test_assess_recommendation_quality" time="0.000" /><testcase classname="tests.test_meta_meta_monitor.TestFalseNegativePatternIdentification" name="test_identify_component_blind_spot" time="0.000" /><testcase classname="tests.test_meta_meta_monitor.TestFalsePositivePatternIdentification" name="test_identify_threshold_sensitivity" time="0.000" /><testcase classname="tests.test_meta_meta_monitor.TestMonitorEvolutionInitialization" name="test_initialization_success" time="0.000" /><testcase classname="tests.test_meta_meta_monitor.TestMonitorEvolutionInitialization" name="test_initialization_validation" time="0.000" /><testcase classname="tests.test_meta_meta_monitor.TestSandboxTesting" name="test_sandbox_test_success" time="0.000" /><testcase classname="tests.test_meta_meta_monitor.TestSandboxTesting" name="test_sandbox_test_failure" time="0.000" /><testcase classname="tests.test_meta_meta_monitor.TestABTesting" name="test_start_ab_test" time="0.000" /><testcase classname="tests.test_meta_meta_monitor.TestABTesting" name="test_ab_test_requires_sandbox_testing" time="0.000" /><testcase classname="tests.test_meta_meta_monitor.TestStatisticalValidation" name="test_ab_test_evaluation_insufficient_samples" time="0.000" /><testcase classname="tests.test_meta_meta_monitor.TestStatisticalValidation" name="test_ab_test_evaluation_not_complete" time="0.000" /><testcase classname="tests.test_meta_meta_monitor.TestDeploymentAndRollback" name="test_deploy_improvement_success" time="0.000" /><testcase classname="tests.test_meta_meta_monitor.TestDeploymentAndRollback" name="test_deploy_unapproved_improvement_auto_approves" time="0.000" /><testcase classname="tests.test_meta_meta_monitor.TestDeploymentAndRollback" name="test_rollback_upgrade" time="0.001" /><testcase classname="tests.test_meta_meta_monitor.TestEndToEndMonitoringFlow" name="test_complete_decision_to_outcome_flow" time="0.000" /><testcase classname="tests.test_meta_meta_monitor.TestEffectivenessToEvolutionFlow" name="test_assessment_to_improvement_generation" time="0.000" /><testcase classname="tests.test_meta_meta_monitor.TestEdgeCases" name="test_empty_assessment_period" time="0.000" /><testcase classname="tests.test_meta_meta_monitor.TestEdgeCases" name="test_all_pending_outcomes" time="0.000" /><testcase classname="tests.test_pattern_extraction.TestPatternExtractor" name="test_extract_pydantic_patterns" time="0.001" /><testcase classname="tests.test_pattern_extraction.TestPatternExtractor" name="test_pattern_instance_validation" time="0.000" /><testcase classname="tests.test_pattern_extraction.TestPatternExtractor" name="test_pattern_instance_line_validation" time="0.000" /><testcase classname="tests.test_pattern_extraction.TestTemplateGenerator" name="test_generate_code_from_template" time="4.622" /><testcase classname="tests.test_pattern_extraction.TestTemplateGenerator" name="test_template_parameter_validation" time="1.708" /><testcase classname="tests.test_pattern_extraction.TestPatternValidator" name="test_validate_pydantic_file" time="0.001" /><testcase classname="tests.test_pattern_extraction.TestPatternValidator" name="test_conformance_score_calculation" time="0.001" /><testcase classname="tests.test_pattern_extraction.TestEndToEnd" name="test_extract_generate_validate_cycle" time="0.917" /><testcase classname="tests.test_pattern_extraction.TestDependencyGraphIntegration" name="test_pattern_extractor_has_dependency_graph" time="0.000" /><testcase classname="tests.test_pattern_extraction.TestDependencyGraphIntegration" name="test_predict_pattern_impact_returns_report" time="0.000" /><testcase classname="tests.test_pattern_extraction.TestDependencyGraphIntegration" name="test_impact_report_includes_affected_files" time="0.000" /><testcase classname="tests.test_pattern_extraction.TestL10VectorMemoryStorage" name="test_patterns_persist_flag" time="0.001" /><testcase classname="tests.test_pattern_extraction.TestL10VectorMemoryStorage" name="test_load_patterns_from_memory_without_memory" time="0.000" /><testcase classname="tests.test_pattern_extraction.TestL10VectorMemoryStorage" name="test_memory_methods_exist" time="0.001" /><testcase classname="tests.test_pattern_extraction.TestSelfModifierIntegration" name="test_selfmodifier_has_pattern_library" time="0.001" /><testcase classname="tests.test_pattern_extraction.TestSelfModifierIntegration" name="test_selfmodifier_pattern_methods_exist" time="0.000" /><testcase classname="tests.test_pattern_extraction.TestSelfModifierIntegration" name="test_load_pattern_library_without_memory" time="0.001" /><testcase classname="tests.test_pattern_extraction.TestSelfModifierIntegration" name="test_find_applicable_patterns" time="0.001" /><testcase classname="tests.test_pattern_extraction.TestVerificationIntegration" name="test_pattern_verifier_exists" time="0.000" /><testcase classname="tests.test_pattern_extraction.TestVerificationIntegration" name="test_verify_python_file" time="0.001" /><testcase classname="tests.test_pattern_extraction.TestCodeReviewIntegration" name="test_pattern_reviewer_exists" time="0.000" /><testcase classname="tests.test_pattern_extraction.TestCodeReviewIntegration" name="test_diff_parsing" time="0.001" /><testcase classname="tests.test_pattern_extraction.TestVersionTracking" name="test_version_manager_exists" time="0.000" /><testcase classname="tests.test_pattern_extraction.TestConstitutionalCompliance" name="test_pattern_instance_pydantic_validation" time="0.000" /><testcase classname="tests.test_pattern_extraction.TestConstitutionalCompliance" name="test_architectural_pattern_validation" time="0.000" /><testcase classname="tests.test_phase31_integration" name="test_end_to_end_workflow" time="0.001" /><testcase classname="tests.test_phase31_integration" name="test_principle_matching_filters_by_relevance" time="0.000" /><testcase classname="tests.test_phase31_integration" name="test_scaffolder_applies_appropriate_principles" time="0.001" /><testcase classname="tests.test_phase31_integration" name="test_scaffolder_generates_valid_code" time="0.001" /><testcase classname="tests.test_phase31_integration" name="test_scaffold_includes_tests" time="0.001" /><testcase classname="tests.test_phase31_integration" name="test_scaffold_architecture_includes_principles" time="0.000" /><testcase classname="tests.test_phase31_integration" name="test_pattern_matcher_ranking" time="0.000" /><testcase classname="tests.test_phase31_integration" name="test_pattern_matcher_filters_low_similarity" time="0.000" /><testcase classname="tests.test_phase31_integration" name="test_scaffolder_integration_points" time="0.001" /><testcase classname="tests.test_phase31_integration" name="test_scaffolder_export" time="0.001" /><testcase classname="tests.test_phase31_integration" name="test_scaffolder_insufficient_principles" time="0.000" /><testcase classname="tests.test_phase31_integration" name="test_pattern_matcher_batch_contexts" time="0.000" /><testcase classname="tests.test_phase31_integration" name="test_pattern_matcher_statistics" time="0.001" /><testcase classname="tests.test_phase31_integration" name="test_pattern_matcher_empty_matches_statistics" time="0.000" /><testcase classname="tests.test_phase31_schemas" name="test_abstract_principle_valid" time="0.000" /><testcase classname="tests.test_phase31_schemas" name="test_abstract_principle_name_validation" time="0.000" /><testcase classname="tests.test_phase31_schemas" name="test_abstract_principle_requires_source_domains" time="0.000" /><testcase classname="tests.test_phase31_schemas" name="test_abstract_principle_confidence_bounds" time="0.000" /><testcase classname="tests.test_phase31_schemas" name="test_semantic_graph_valid" time="0.000" /><testcase classname="tests.test_phase31_schemas" name="test_semantic_graph_requires_nodes" time="0.000" /><testcase classname="tests.test_phase31_schemas" name="test_semantic_edge_no_self_reference" time="0.000" /><testcase classname="tests.test_phase31_schemas" name="test_semantic_edge_relationship_validation" time="0.000" /><testcase classname="tests.test_phase31_schemas" name="test_semantic_node_id_validation" time="0.000" /><testcase classname="tests.test_phase31_schemas" name="test_domain_application_valid" time="0.000" /><testcase classname="tests.test_phase31_schemas" name="test_domain_application_defaults" time="0.000" /><testcase classname="tests.test_phase31_schemas" name="test_domain_application_adaptation_length" time="0.000" /><testcase classname="tests.test_phase31_schemas" name="test_system_scaffold_valid" time="0.000" /><testcase classname="tests.test_phase31_schemas" name="test_system_scaffold_name_validation" time="0.000" /><testcase classname="tests.test_phase31_schemas" name="test_system_scaffold_requires_components" time="0.000" /><testcase classname="tests.test_phase31_schemas" name="test_system_scaffold_requires_principles" time="0.000" /><testcase classname="tests.test_phase31_schemas" name="test_scaffold_component_name_validation" time="0.000" /><testcase classname="tests.test_phase31_schemas" name="test_phase31_schemas_integration" time="0.000" /><testcase classname="tests.test_proactive_engine" name="test_proactive_engine_initialization" time="0.001" /><testcase classname="tests.test_proactive_engine" name="test_generate_suggestions_empty" time="0.007" /><testcase classname="tests.test_proactive_engine" name="test_goal_based_suggestions_deadline" time="0.007" /><testcase classname="tests.test_proactive_engine" name="test_goal_based_suggestions_low_progress" time="0.007" /><testcase classname="tests.test_proactive_engine" name="test_time_based_suggestions" time="0.003" /><testcase classname="tests.test_proactive_engine" name="test_pattern_based_suggestions" time="0.010" /><testcase classname="tests.test_proactive_engine" name="test_filter_by_confidence" time="0.007" /><testcase classname="tests.test_proactive_engine" name="test_ranking_by_priority" time="0.006" /><testcase classname="tests.test_proactive_engine" name="test_rate_limiting" time="0.008" /><testcase classname="tests.test_proactive_engine" name="test_dismiss_suggestion" time="0.006" /><testcase classname="tests.test_proactive_engine" name="test_clear_dismissed" time="0.001" /><testcase classname="tests.test_proactive_engine" name="test_get_stats" time="0.001" /><testcase classname="tests.test_proactive_engine" name="test_suggestion_to_proactive_event" time="0.000" /><testcase classname="tests.test_proactive_engine" name="test_rate_limit_resets_after_hour" time="0.007" /><testcase classname="tests.test_proactive_engine" name="test_multiple_suggestion_types_in_one_call" time="0.007" /><testcase classname="tests.test_proactive_integration" name="test_scheduler_starts_and_stops" time="0.524" /><testcase classname="tests.test_proactive_integration" name="test_goal_monitoring_generates_alerts" time="0.505" /><testcase classname="tests.test_proactive_integration" name="test_proactive_engine_integration" time="0.491" /><testcase classname="tests.test_proactive_integration" name="test_intent_prediction_with_history" time="0.472" /><testcase classname="tests.test_proactive_integration" name="test_full_proactive_flow" time="0.499" /><testcase classname="tests.test_proactive_integration" name="test_proactive_mode_disable_and_enable" time="5.488" /><testcase classname="tests.test_proactive_integration" name="test_multi_component_stats" time="0.460" /><testcase classname="tests.test_proactive_integration" name="test_suggestion_dismissal_integration" time="0.475" /><testcase classname="tests.test_process_isolation.TestVerificationServer" name="test_server_initialization" time="0.001" /><testcase classname="tests.test_process_isolation.TestVerificationServer" name="test_verify_request_signature_valid" time="0.001" /><testcase classname="tests.test_process_isolation.TestVerificationServer" name="test_verify_request_signature_invalid" time="0.001" /><testcase classname="tests.test_process_isolation.TestVerificationServer" name="test_verify_request_signature_allows_unsigned_dev_mode" time="0.001" /><testcase classname="tests.test_process_isolation.TestVerificationServer" name="test_sign_response" time="0.001" /><testcase classname="tests.test_process_isolation.TestVerificationServer" name="test_verify_command_execution_missing_fields" time="0.001" /><testcase classname="tests.test_process_isolation.TestVerificationServer" name="test_verify_integrity_check" time="0.001" /><testcase classname="tests.test_process_isolation.TestVerificationClient" name="test_client_initialization" time="0.001" /><testcase classname="tests.test_process_isolation.TestVerificationClient" name="test_verify_claim_creates_request" time="0.001" /><testcase classname="tests.test_process_isolation.TestVerificationClient" name="test_is_server_alive_when_not_running" time="0.001" /><testcase classname="tests.test_process_isolation.TestProcessManagement" name="test_global_server_process_initially_none" time="0.000" /><testcase classname="tests.test_process_isolation.TestProcessManagement" name="test_get_verification_client_creates_singleton" time="0.001" /><testcase classname="tests.test_process_isolation.TestRequestResponse" name="test_verification_request_creation" time="0.000" /><testcase classname="tests.test_process_isolation.TestRequestResponse" name="test_verification_response_creation" time="0.000" /><testcase classname="tests.test_process_isolation.TestServerRequestProcessing" name="test_process_request_unknown_claim_type" time="0.001" /><testcase classname="tests.test_process_isolation.TestServerRequestProcessing" name="test_process_request_handles_exceptions" time="0.001" /><testcase classname="tests.test_process_isolation.TestSecurityFeatures" name="test_server_has_own_tracker" time="0.001" /><testcase classname="tests.test_process_isolation.TestSecurityFeatures" name="test_request_signing_prevents_tampering" time="0.001" /><testcase classname="tests.test_process_isolation.TestErrorHandling" name="test_process_isolation_error_raised" time="0.001" /><testcase classname="tests.test_query_accuracy.TestQueryAccuracy" name="test_query_accuracy[How do I log a skill execution?-expected_keywords0-L5 API lookup]" time="0.004" /><testcase classname="tests.test_query_accuracy.TestQueryAccuracy" name="test_query_accuracy[L5 log_execution-expected_keywords1-Direct API name]" time="0.000" /><testcase classname="tests.test_query_accuracy.TestQueryAccuracy" name="test_query_accuracy[store episode L3-expected_keywords2-L3 API lookup]" time="0.000" /><testcase classname="tests.test_query_accuracy.TestQueryAccuracy" name="test_query_accuracy[L4 assert fact-expected_keywords3-L4 API lookup]" time="0.000" /><testcase classname="tests.test_query_accuracy.TestQueryAccuracy" name="test_query_accuracy[L7 capture state-expected_keywords4-L7 API lookup]" time="0.000" /><testcase classname="tests.test_query_accuracy.TestQueryAccuracy" name="test_query_accuracy[query facts L4-expected_keywords5-L4 query method]" time="0.000" /><testcase classname="tests.test_query_accuracy.TestQueryAccuracy" name="test_query_accuracy[invalidate fact-expected_keywords6-L4 invalidation]" time="0.000" /><testcase classname="tests.test_query_accuracy.TestQueryAccuracy" name="test_query_accuracy[register skill-expected_keywords7-L5 registration]" time="0.000" /><testcase classname="tests.test_query_accuracy.TestQueryAccuracy" name="test_query_accuracy[get latest state L7-expected_keywords8-L7 retrieval]" time="0.000" /><testcase classname="tests.test_query_accuracy.TestQueryAccuracy" name="test_query_accuracy[verify fact-expected_keywords9-L4 verification]" time="0.000" /><testcase classname="tests.test_query_accuracy.TestQueryAccuracy" name="test_query_accuracy[SkillExecution schema-expected_keywords10-Schema lookup]" time="0.000" /><testcase classname="tests.test_query_accuracy.TestQueryAccuracy" name="test_query_accuracy[Episode fields-expected_keywords11-Schema fields]" time="0.000" /><testcase classname="tests.test_query_accuracy.TestQueryAccuracy" name="test_query_accuracy[StateSnapshot-expected_keywords12-State schema]" time="0.000" /><testcase classname="tests.test_query_accuracy.TestQueryAccuracy" name="test_query_accuracy[Fact schema-expected_keywords13-Fact schema]" time="0.000" /><testcase classname="tests.test_query_accuracy.TestQueryAccuracy" name="test_query_accuracy[ExecutionOutcome-expected_keywords14-Enum lookup]" time="0.000" /><testcase classname="tests.test_query_accuracy.TestQueryAccuracy" name="test_query_accuracy[StateType enum-expected_keywords15-StateType enum]" time="0.000" /><testcase classname="tests.test_query_accuracy.TestQueryAccuracy" name="test_query_accuracy[FactSource-expected_keywords16-FactSource enum]" time="0.000" /><testcase classname="tests.test_query_accuracy.TestQueryAccuracy" name="test_query_accuracy[FactRelation-expected_keywords17-Relation schema]" time="0.000" /><testcase classname="tests.test_query_accuracy.TestQueryAccuracy" name="test_query_accuracy[APIDefinition-expected_keywords18-Librarian schema]" time="0.000" /><testcase classname="tests.test_query_accuracy.TestQueryAccuracy" name="test_query_accuracy[DriftReport-expected_keywords19-Drift schema]" time="0.000" /><testcase classname="tests.test_query_accuracy.TestQueryAccuracy" name="test_query_accuracy[What parameters does log_execution accept?-expected_keywords20-Parameter inquiry]" time="0.000" /><testcase classname="tests.test_query_accuracy.TestQueryAccuracy" name="test_query_accuracy[How do I store a fact?-expected_keywords21-Usage question]" time="0.000" /><testcase classname="tests.test_query_accuracy.TestQueryAccuracy" name="test_query_accuracy[What does L5 do?-expected_keywords22-Layer explanation]" time="0.000" /><testcase classname="tests.test_query_accuracy.TestQueryAccuracy" name="test_query_accuracy[How to query memory?-expected_keywords23-General query]" time="0.000" /><testcase classname="tests.test_query_accuracy.TestQueryAccuracy" name="test_query_accuracy[Store episode-expected_keywords24-Action query]" time="0.000" /><testcase classname="tests.test_query_accuracy.TestQueryAccuracy" name="test_query_accuracy[Get schema definition-expected_keywords25-Schema query]" time="0.000" /><testcase classname="tests.test_query_accuracy.TestQueryAccuracy" name="test_query_accuracy[Find API method-expected_keywords26-API search]" time="0.000" /><testcase classname="tests.test_query_accuracy.TestQueryAccuracy" name="test_query_accuracy[What is L4?-expected_keywords27-Layer query]" time="0.000" /><testcase classname="tests.test_query_accuracy.TestQueryAccuracy" name="test_query_accuracy[Memory layers-expected_keywords28-Architecture query]" time="0.000" /><testcase classname="tests.test_query_accuracy.TestQueryAccuracy" name="test_query_accuracy[Pydantic schemas-expected_keywords29-Schema inquiry]" time="0.000" /><testcase classname="tests.test_query_accuracy.TestQueryAccuracy" name="test_query_accuracy[How to log execution?-expected_keywords30-How-to question]" time="0.000" /><testcase classname="tests.test_query_accuracy.TestQueryAccuracy" name="test_query_accuracy[What returns execution ID?-expected_keywords31-Return value query]" time="0.000" /><testcase classname="tests.test_query_accuracy.TestQueryAccuracy" name="test_query_accuracy[Required parameters-expected_keywords32-Parameter query]" time="0.000" /><testcase classname="tests.test_query_accuracy.TestQueryAccuracy" name="test_query_accuracy[Optional fields-expected_keywords33-Field query]" time="0.000" /><testcase classname="tests.test_query_accuracy.TestQueryAccuracy" name="test_query_accuracy[Default values-expected_keywords34-Default query]" time="0.000" /><testcase classname="tests.test_query_accuracy.TestQueryAccuracy" name="test_query_accuracy[L5ProceduralMemory-expected_keywords35-Class lookup]" time="0.000" /><testcase classname="tests.test_query_accuracy.TestQueryAccuracy" name="test_query_accuracy[L4DeclarativeMemory-expected_keywords36-Class lookup]" time="0.000" /><testcase classname="tests.test_query_accuracy.TestQueryAccuracy" name="test_query_accuracy[L7WorldStateMemory-expected_keywords37-Class lookup]" time="0.000" /><testcase classname="tests.test_query_accuracy.TestQueryAccuracy" name="test_query_accuracy[KnowledgeLibrarian-expected_keywords38-Librarian class]" time="0.000" /><testcase classname="tests.test_query_accuracy.TestQueryAccuracy" name="test_query_accuracy[MemoryManager-expected_keywords39-Manager class]" time="0.000" /><testcase classname="tests.test_query_accuracy.TestQueryAccuracy" name="test_query_accuracy[KnowledgeExtractor-expected_keywords40-Extractor class]" time="0.000" /><testcase classname="tests.test_query_accuracy.TestQueryAccuracy" name="test_query_accuracy[SafetyExecutor-expected_keywords41-Safety class]" time="0.000" /><testcase classname="tests.test_query_accuracy.TestQueryAccuracy" name="test_query_accuracy[IntentRouter-expected_keywords42-Intent class]" time="0.000" /><testcase classname="tests.test_query_accuracy.TestQueryAccuracy" name="test_query_accuracy[APIs using SkillExecution-expected_keywords43-Usage query]" time="0.000" /><testcase classname="tests.test_query_accuracy.TestQueryAccuracy" name="test_query_accuracy[What uses Episode schema?-expected_keywords44-Dependency query]" time="0.000" /><testcase classname="tests.test_query_accuracy.TestQueryAccuracy" name="test_query_accuracy[Fact relations-expected_keywords45-Relation query]" time="0.000" /><testcase classname="tests.test_query_accuracy.TestQueryAccuracy" name="test_query_accuracy[Related schemas-expected_keywords46-Related query]" time="0.000" /><testcase classname="tests.test_query_accuracy.TestQueryAccuracy" name="test_query_accuracy[Dependencies-expected_keywords47-Dependency query]" time="0.000" /><testcase classname="tests.test_query_accuracy.TestQueryAccuracy" name="test_query_accuracy[Test coverage-expected_keywords48-Test query]" time="0.000" /><testcase classname="tests.test_query_accuracy.TestQueryAccuracy" name="test_query_accuracy[Documentation-expected_keywords49-Doc query]" time="0.002" /><testcase classname="tests.test_remote_attestation.TestAttestationReportGeneration" name="test_generate_attestation_report" time="0.001" /><testcase classname="tests.test_remote_attestation.TestAttestationReportGeneration" name="test_report_includes_integrity_state" time="0.001" /><testcase classname="tests.test_remote_attestation.TestAttestationReportGeneration" name="test_report_includes_database_state" time="0.001" /><testcase classname="tests.test_remote_attestation.TestAttestationReportGeneration" name="test_report_includes_session_state" time="0.000" /><testcase classname="tests.test_remote_attestation.TestAttestationReportGeneration" name="test_report_has_file_hashes_summary" time="0.001" /><testcase classname="tests.test_remote_attestation.TestAttestationReportGeneration" name="test_report_is_signed" time="0.000" /><testcase classname="tests.test_remote_attestation.TestReportSigning" name="test_sign_report" time="0.000" /><testcase classname="tests.test_remote_attestation.TestReportSigning" name="test_verify_report_signature_valid" time="0.001" /><testcase classname="tests.test_remote_attestation.TestReportSigning" name="test_verify_report_signature_invalid" time="0.000" /><testcase classname="tests.test_remote_attestation.TestReportSigning" name="test_signature_changes_with_data" time="0.001" /><testcase classname="tests.test_remote_attestation.TestRemoteEndpointCommunication" name="test_send_attestation_success" time="0.001" /><testcase classname="tests.test_remote_attestation.TestRemoteEndpointCommunication" name="test_send_attestation_failure" time="0.001" /><testcase classname="tests.test_remote_attestation.TestRemoteEndpointCommunication" name="test_send_attestation_no_endpoint" time="0.001" /><testcase classname="tests.test_remote_attestation.TestAttestationHistory" name="test_history_tracks_reports" time="0.001" /><testcase classname="tests.test_remote_attestation.TestAttestationHistory" name="test_get_attestation_history_with_limit" time="0.001" /><testcase classname="tests.test_remote_attestation.TestAttestationHistory" name="test_export_attestation_log" time="0.001" /><testcase classname="tests.test_remote_attestation.TestReportSerialization" name="test_report_to_dict" time="0.000" /><testcase classname="tests.test_remote_attestation.TestSystemIdGeneration" name="test_generate_system_id" time="0.000" /><testcase classname="tests.test_remote_attestation.TestSystemIdGeneration" name="test_custom_system_id" time="0.000" /><testcase classname="tests.test_remote_attestation.TestErrorHandling" name="test_generate_report_without_guards" time="0.000" /><testcase classname="tests.test_remote_attestation.TestGlobalSingleton" name="test_get_global_manager" time="0.000" /><testcase classname="tests.test_remote_attestation.TestReportContent" name="test_report_id_is_unique" time="0.000" /><testcase classname="tests.test_remote_attestation.TestReportContent" name="test_report_timestamp_recent" time="0.000" /><testcase classname="tests.test_research_phase4_integration.TestAtlasIntegrator" name="test_init_requires_memory" time="0.000" /><testcase classname="tests.test_research_phase4_integration.TestAtlasIntegrator" name="test_init_success" time="0.001" /><testcase classname="tests.test_research_phase4_integration.TestAtlasIntegrator" name="test_create_rollback_point" time="0.001" /><testcase classname="tests.test_research_phase4_integration.TestAtlasIntegrator" name="test_rollback_restores_files" time="0.001" /><testcase classname="tests.test_research_phase4_integration.TestAtlasIntegrator" name="test_rollback_invalid_id" time="0.001" /><testcase classname="tests.test_research_phase4_integration.TestAtlasIntegrator" name="test_inject_code_creates_file" time="0.001" /><testcase classname="tests.test_research_phase4_integration.TestAtlasIntegrator" name="test_inject_code_creates_backup" time="0.001" /><testcase classname="tests.test_research_phase4_integration.TestAtlasIntegrator" name="test_inject_code_validates_syntax" time="0.001" /><testcase classname="tests.test_research_phase4_integration.TestAtlasIntegrator" name="test_verify_deployment_success" time="0.176" /><testcase classname="tests.test_research_phase4_integration.TestAtlasIntegrator" name="test_verify_deployment_timeout" time="0.117" /><testcase classname="tests.test_research_phase4_integration.TestAtlasIntegrator" name="test_apply_implementation_full_workflow" time="0.002" /><testcase classname="tests.test_research_phase4_integration.TestAtlasIntegrator" name="test_apply_implementation_high_risk_requires_approval" time="0.001" /><testcase classname="tests.test_research_phase4_integration.TestAtlasIntegrator" name="test_telemetry_records_deployment" time="0.001" /><testcase classname="tests.test_research_phase4_integration.TestDataAdapter" name="test_detect_format_csv" time="0.001" /><testcase classname="tests.test_research_phase4_integration.TestDataAdapter" name="test_detect_format_json" time="0.001" /><testcase classname="tests.test_research_phase4_integration.TestDataAdapter" name="test_detect_format_jsonl" time="0.001" /><testcase classname="tests.test_research_phase4_integration.TestDataAdapter" name="test_detect_format_parquet" time="0.001" /><testcase classname="tests.test_research_phase4_integration.TestDataAdapter" name="test_atlas_dataset_creation" time="0.000" /><testcase classname="tests.test_research_phase4_integration.TestDataAdapter" name="test_create_dataloader_basic" time="0.001" /><testcase classname="tests.test_research_phase4_integration.TestDataAdapter" name="test_create_dataloader_with_splits" time="0.000" /><testcase classname="tests.test_research_phase4_integration.TestDataAdapter" name="test_preprocess_text_data" time="0.000" /><testcase classname="tests.test_research_phase4_integration.TestDataAdapter" name="test_preprocess_tabular_data" time="0.000" /><testcase classname="tests.test_research_phase4_integration.TestDataAdapter" name="test_convert_from_csv" time="0.001" /><testcase classname="tests.test_research_phase4_integration.TestDataAdapter" name="test_convert_from_json" time="0.001" /><testcase classname="tests.test_research_phase4_integration.TestDataAdapter" name="test_convert_from_jsonl" time="0.001" /><testcase classname="tests.test_research_phase4_integration.TestDataAdapter" name="test_invalid_file_raises_error" time="0.000" /><testcase classname="tests.test_research_phase4_integration.TestDataAdapter" name="test_unsupported_format_raises_error" time="0.001" /><testcase classname="tests.test_research_phase4_integration.TestAtlasDataset" name="test_dataset_length" time="0.000" /><testcase classname="tests.test_research_phase4_integration.TestAtlasDataset" name="test_dataset_indexing" time="0.000" /><testcase classname="tests.test_research_phase4_integration.TestAtlasDataset" name="test_dataset_iteration" time="0.000" /><testcase classname="tests.test_research_phase4_integration.TestAtlasDataset" name="test_dataset_empty" time="0.000" /><testcase classname="tests.test_research_phase4_integration.TestIntegration" name="test_end_to_end_data_pipeline" time="0.001" /><testcase classname="tests.test_research_phase4_integration.TestIntegration" name="test_rollback_after_failed_injection" time="0.001" /><testcase classname="tests.test_research_phase4_integration.TestIntegration" name="test_implementation_with_requirements" time="0.001" /><testcase classname="tests.test_research_phase4_integration.TestIntegration" name="test_constitutional_compliance_article_iv" time="0.001" /><testcase classname="tests.test_research_phase5_benchmarking.TestDatasetManager" name="test_init_creates_cache_dir" time="0.001" /><testcase classname="tests.test_research_phase5_benchmarking.TestDatasetManager" name="test_prepare_dataset_creates_splits" time="0.001" /><testcase classname="tests.test_research_phase5_benchmarking.TestDatasetManager" name="test_splits_sum_to_one" time="0.001" /><testcase classname="tests.test_research_phase5_benchmarking.TestDatasetManager" name="test_caching_enabled" time="0.001" /><testcase classname="tests.test_research_phase5_benchmarking.TestDatasetManager" name="test_generate_synthetic_data" time="0.001" /><testcase classname="tests.test_research_phase5_benchmarking.TestMetricsComputer" name="test_compute_classification_metrics" time="0.005" /><testcase classname="tests.test_research_phase5_benchmarking.TestMetricsComputer" name="test_compute_regression_metrics" time="0.001" /><testcase classname="tests.test_research_phase5_benchmarking.TestMetricsComputer" name="test_compute_latency_metrics" time="0.000" /><testcase classname="tests.test_research_phase5_benchmarking.TestMetricsComputer" name="test_compute_resource_metrics" time="0.000" /><testcase classname="tests.test_research_phase5_benchmarking.TestMetricsComputer" name="test_create_benchmark_metrics_schema" time="0.000" /><testcase classname="tests.test_research_phase5_benchmarking.TestBenchmarkRunner" name="test_init_creates_sandbox" time="0.001" /><testcase classname="tests.test_research_phase5_benchmarking.TestBenchmarkRunner" name="test_run_benchmark_success" time="0.031" /><testcase classname="tests.test_research_phase5_benchmarking.TestBenchmarkRunner" name="test_run_benchmark_timeout" time="0.519" /><testcase classname="tests.test_research_phase5_benchmarking.TestBenchmarkRunner" name="test_run_benchmark_crash_recovery" time="0.039" /><testcase classname="tests.test_research_phase5_benchmarking.TestBenchmarkRunner" name="test_resource_limits_enforced" time="2.123" /><testcase classname="tests.test_research_phase5_benchmarking.TestBenchmarkRunner" name="test_generate_harness_code" time="0.001" /><testcase classname="tests.test_research_phase5_benchmarking.TestABTestOrchestrator" name="test_run_ab_test_method_exists" time="0.000" /><testcase classname="tests.test_research_phase5_benchmarking.TestABTestOrchestrator" name="test_statistical_comparison" time="0.001" /><testcase classname="tests.test_research_phase5_benchmarking.TestABTestOrchestrator" name="test_determine_winner" time="0.000" /><testcase classname="tests.test_research_phase5_benchmarking.TestABTestOrchestrator" name="test_no_winner_if_not_significant" time="0.000" /><testcase classname="tests.test_research_phase5_benchmarking.TestABTestOrchestrator" name="test_max_parallel_setting" time="0.000" /><testcase classname="tests.test_research_phase5_benchmarking.TestMetricsComputerEdgeCases" name="test_perfect_classification" time="0.003" /><testcase classname="tests.test_research_phase5_benchmarking.TestMetricsComputerEdgeCases" name="test_all_wrong_classification" time="0.003" /><testcase classname="tests.test_research_phase5_benchmarking.TestMetricsComputerEdgeCases" name="test_perfect_regression" time="0.000" /><testcase classname="tests.test_research_phase5_benchmarking.TestMetricsComputerEdgeCases" name="test_empty_predictions_error" time="0.000" /><testcase classname="tests.test_research_phase5_benchmarking.TestMetricsComputerEdgeCases" name="test_mismatched_lengths_error" time="0.000" /><testcase classname="tests.test_research_phase5_benchmarking.TestBenchmarkRunnerSandbox" name="test_sandbox_isolation" time="0.033" /><testcase classname="tests.test_research_phase5_benchmarking.TestBenchmarkRunnerSandbox" name="test_cleanup_after_execution" time="0.029" /><testcase classname="tests.test_research_phase5_benchmarking.TestABTestStatistics" name="test_ttest_significant_difference" time="0.001" /><testcase classname="tests.test_research_phase5_benchmarking.TestABTestStatistics" name="test_ttest_no_difference" time="0.000" /><testcase classname="tests.test_research_phase5_benchmarking.TestABTestStatistics" name="test_cohens_d_effect_size" time="0.000" /><testcase classname="tests.test_research_phase5_benchmarking.TestABTestStatistics" name="test_confidence_interval_computation" time="0.001" /><testcase classname="tests.test_research_phase5_benchmarking.TestIntegration" name="test_full_benchmarking_pipeline" time="0.004" /><testcase classname="tests.test_research_phase5_benchmarking.TestIntegration" name="test_ab_test_orchestrator_integration" time="0.001" /><testcase classname="tests.test_research_phase7_learning.TestResearchState" name="test_all_states_defined" time="0.000" /><testcase classname="tests.test_research_phase7_learning.TestResearchState" name="test_state_values_unique" time="0.000" /><testcase classname="tests.test_research_phase7_learning.TestResearchStateMachine" name="test_init_starts_idle" time="0.001" /><testcase classname="tests.test_research_phase7_learning.TestResearchStateMachine" name="test_valid_transition_idle_to_question_generation" time="0.001" /><testcase classname="tests.test_research_phase7_learning.TestResearchStateMachine" name="test_invalid_transition_raises_error" time="0.001" /><testcase classname="tests.test_research_phase7_learning.TestResearchStateMachine" name="test_state_history_tracking" time="0.001" /><testcase classname="tests.test_research_phase7_learning.TestResearchStateMachine" name="test_complete_research_cycle" time="0.001" /><testcase classname="tests.test_research_phase7_learning.TestResearchStateMachine" name="test_failed_state_is_terminal" time="0.001" /><testcase classname="tests.test_research_phase7_learning.TestResearchStateMachine" name="test_can_transition_to_failed_from_any_state" time="0.001" /><testcase classname="tests.test_research_phase7_learning.TestResearchStateMachine" name="test_rollback_state_reachable" time="0.001" /><testcase classname="tests.test_research_phase7_learning.TestResearchStateMachine" name="test_get_valid_next_states" time="0.001" /><testcase classname="tests.test_research_phase7_learning.TestLearningsTracker" name="test_init_requires_memory" time="0.000" /><testcase classname="tests.test_research_phase7_learning.TestLearningsTracker" name="test_record_success_pattern" time="0.001" /><testcase classname="tests.test_research_phase7_learning.TestLearningsTracker" name="test_record_failure_pattern" time="0.001" /><testcase classname="tests.test_research_phase7_learning.TestLearningsTracker" name="test_track_paper_source_effectiveness" time="0.001" /><testcase classname="tests.test_research_phase7_learning.TestLearningsTracker" name="test_track_architecture_success_rate" time="0.001" /><testcase classname="tests.test_research_phase7_learning.TestLearningsTracker" name="test_compute_adoption_rate" time="0.001" /><testcase classname="tests.test_research_phase7_learning.TestLearningsTracker" name="test_recommend_search_strategy" time="0.001" /><testcase classname="tests.test_research_phase7_learning.TestLearningsTracker" name="test_get_learning_summary" time="0.001" /><testcase classname="tests.test_research_phase7_learning.TestIntegration" name="test_state_machine_with_learning" time="0.001" /><testcase classname="tests.test_research_phase7_learning.TestIntegration" name="test_learnings_persist_across_cycles" time="0.001" /><testcase classname="tests.test_research_phase7_learning.TestIntegration" name="test_failure_triggers_learning" time="0.001" /><testcase classname="tests.test_research_phase7_learning.TestIntegration" name="test_recommendation_improves_with_data" time="0.001" /><testcase classname="tests.test_research_phase_3_3.TestResearchQuestionGenerator" name="test_init_requires_memory" time="0.000" /><testcase classname="tests.test_research_phase_3_3.TestResearchQuestionGenerator" name="test_init_success" time="0.001" /><testcase classname="tests.test_research_phase_3_3.TestResearchQuestionGenerator" name="test_formulate_research_question_plateau" time="0.001" /><testcase classname="tests.test_research_phase_3_3.TestResearchQuestionGenerator" name="test_formulate_research_question_failures" time="0.001" /><testcase classname="tests.test_research_phase_3_3.TestResearchQuestionGenerator" name="test_prioritize_questions" time="0.001" /><testcase classname="tests.test_research_phase_3_3.TestResearchQuestionGenerator" name="test_validate_feasibility" time="0.001" /><testcase classname="tests.test_research_phase_3_3.TestRateLimiter" name="test_rate_limiter_basic" time="1.003" /><testcase classname="tests.test_research_phase_3_3.TestLiteratureSearchEngine" name="test_init_requires_dependencies" time="0.002" /><testcase classname="tests.test_research_phase_3_3.TestLiteratureSearchEngine" name="test_deduplicate_papers" time="0.002" /><testcase classname="tests.test_research_phase_3_3.TestLiteratureSearchEngine" name="test_compute_relevance" time="0.002" /><testcase classname="tests.test_research_phase_3_3.TestArchitectureExtractor" name="test_detect_transformer_architecture" time="0.001" /><testc
[...]
00" /><testcase classname="tests.sync.test_protocol.TestConflictResolver" name="test_resolver_manual_pending" time="0.000" /><testcase classname="tests.sync.test_protocol.TestConflictResolver" name="test_default_resolver" time="0.000" /><testcase classname="tests.sync.test_protocol.TestSyncProtocol" name="test_protocol_creation" time="0.000" /><testcase classname="tests.sync.test_protocol.TestSyncProtocol" name="test_protocol_create_record" time="0.000" /><testcase classname="tests.sync.test_protocol.TestSyncProtocol" name="test_protocol_record_local_change" time="0.000" /><testcase classname="tests.sync.test_protocol.TestSyncProtocol" name="test_protocol_delete_record" time="0.000" /><testcase classname="tests.sync.test_protocol.TestSyncProtocol" name="test_protocol_generate_delta" time="0.000" /><testcase classname="tests.sync.test_protocol.TestSyncProtocol" name="test_protocol_apply_delta_new_records" time="0.000" /><testcase classname="tests.sync.test_protocol.TestSyncProtocol" name="test_protocol_two_device_sync" time="0.000" /><testcase classname="tests.sync.test_protocol.TestSyncProtocol" name="test_protocol_stats" time="0.000" /><testcase classname="tests.sync.test_protocol.TestSyncProtocol" name="test_protocol_device_management" time="0.000" /><testcase classname="tests.sync.test_protocol.TestHelperFunctions" name="test_merge_clocks" time="0.000" /><testcase classname="tests.sync.test_protocol.TestHelperFunctions" name="test_merge_clocks_empty" time="0.000" /><testcase classname="tests.sync.test_protocol.TestHelperFunctions" name="test_records_need_sync" time="0.000" /><testcase classname="tests.sync.test_protocol.TestSyncDelta" name="test_delta_creation" time="0.000" /><testcase classname="tests.sync.test_protocol.TestSyncDelta" name="test_delta_with_records" time="0.000" /><testcase classname="tests.unit.test_error_registry.TestErrorIdGeneration" name="test_error_id_format" time="0.003" /><testcase classname="tests.unit.test_error_registry.TestErrorIdGeneration" name="test_error_ids_are_unique" time="0.031" /><testcase classname="tests.unit.test_error_registry.TestContextCapture" name="test_exception_details_captured" time="0.002" /><testcase classname="tests.unit.test_error_registry.TestContextCapture" name="test_context_dict_captured" time="0.002" /><testcase classname="tests.unit.test_error_registry.TestContextCapture" name="test_request_context_captured" time="0.002" /><testcase classname="tests.unit.test_error_registry.TestRetentionPolicy" name="test_retention_constant_is_24_hours" time="0.000" /><testcase classname="tests.unit.test_error_registry.TestRetentionPolicy" name="test_cleanup_respects_retention" time="0.002" /><testcase classname="tests.unit.test_error_registry.TestRetentionPolicy" name="test_force_cleanup_ignores_retention" time="0.002" /><testcase classname="tests.unit.test_error_registry.TestPatternDetection" name="test_pattern_created_for_new_error" time="0.002" /><testcase classname="tests.unit.test_error_registry.TestPatternDetection" name="test_pattern_count_increments" time="0.003" /><testcase classname="tests.unit.test_error_registry.TestPatternDetection" name="test_different_errors_create_different_patterns" time="0.003" /><testcase classname="tests.unit.test_error_registry.TestPatternDetection" name="test_pattern_resolution_can_be_set" time="0.002" /><testcase classname="tests.unit.test_error_registry.TestLearningIntegration" name="test_get_errors_for_learning" time="0.003" /><testcase classname="tests.unit.test_error_registry.TestErrorRecordSerialization" name="test_to_dict" time="0.000" /><testcase classname="tests.unit.test_error_registry.TestErrorRecordSerialization" name="test_from_dict" time="0.000" /><testcase classname="tests.unit.test_error_registry.TestQueryCapabilities" name="test_get_recent_errors" time="0.005" /><testcase classname="tests.unit.test_error_registry.TestQueryCapabilities" name="test_filter_by_level" time="0.005" /><testcase classname="tests.unit.test_error_registry.TestQueryCapabilities" name="test_filter_by_source" time="0.003" /><testcase classname="tests.unit.test_reindex_api.TestReindexModels" name="test_reindex_request_defaults" time="0.000" /><testcase classname="tests.unit.test_reindex_api.TestReindexModels" name="test_reindex_request_with_systems" time="0.000" /><testcase classname="tests.unit.test_reindex_api.TestReindexModels" name="test_system_status_defaults" time="0.000" /><testcase classname="tests.unit.test_reindex_api.TestReindexModels" name="test_system_status_completed" time="0.000" /><testcase classname="tests.unit.test_reindex_api.TestReindexModels" name="test_reindex_response" time="0.000" /><testcase classname="tests.unit.test_reindex_api.TestReindexFunctions" name="test_reindex_knowledge_librarian_success" time="0.006" /><testcase classname="tests.unit.test_reindex_api.TestReindexFunctions" name="test_reindex_knowledge_librarian_failure" time="0.002" /><testcase classname="tests.unit.test_reindex_api.TestReindexFunctions" name="test_reindex_documentation_librarian_success" time="0.000" /><testcase classname="tests.unit.test_reindex_api.TestReindexFunctions" name="test_reindex_document_index_success" time="0.000" /><testcase classname="tests.unit.test_reindex_api.TestReindexFunctions" name="test_reindex_codebase_awareness_success" time="0.001" /><testcase classname="tests.unit.test_reindex_api.TestReindexFunctions" name="test_reindex_cognitive_fabric_success" time="0.001" /><testcase classname="tests.unit.test_reindex_api.TestReindexFunctions" name="test_reindex_semantic_brain_success" time="0.001" /><testcase classname="tests.unit.test_reindex_api.TestRunFullReindex" name="test_run_full_reindex_all_systems" time="0.002" /><testcase classname="tests.unit.test_reindex_api.TestRunFullReindex" name="test_run_full_reindex_specific_systems" time="0.001" /><testcase classname="tests.unit.test_reindex_api.TestReindexValidation" name="test_system_status_with_error" time="0.000" /><testcase classname="tests.unit.test_reindex_api.TestReindexValidation" name="test_reindex_request_invalid_system_passes" time="0.000" /><testcase classname="tests.unit.test_reindex_api.TestReindexValidation" name="test_reindex_response_validation" time="0.000" /><testcase classname="tests.voice.test_governance" name="test_voice_denied_without_approval_stamp" time="0.000" /><testcase classname="tests.voice.test_governance" name="test_voice_denied_without_assemble_context_approval" time="0.000" /><testcase classname="tests.voice.test_governance" name="test_voice_denied_on_hash_mismatch" time="0.000" /><testcase classname="tests.voice.test_governance" name="test_voice_allowed_only_with_valid_stamp" time="0.000" /><testcase classname="tests.voice.test_governance" name="test_vendor_generated_assistant_text_is_discarded_unless_reapproved" time="0.000" /><testcase classname="tests.voice.test_governance" name="test_fail_closed_text_only_when_voice_unavailable" time="0.000" /><testcase classname="tests.voice.test_schemas.TestVoiceSettings" name="test_valid_settings" time="0.000" /><testcase classname="tests.voice.test_schemas.TestVoiceSettings" name="test_speed_range_validation" time="0.000" /><testcase classname="tests.voice.test_schemas.TestVoiceSettings" name="test_volume_range_validation" time="0.000" /><testcase classname="tests.voice.test_schemas.TestVoiceQuery" name="test_valid_query" time="0.000" /><testcase classname="tests.voice.test_schemas.TestVoiceQuery" name="test_audio_size_limit_dos_prevention" time="0.018" /><testcase classname="tests.voice.test_schemas.TestVoiceQuery" name="test_audio_minimum_size" time="0.000" /><testcase classname="tests.voice.test_schemas.TestSTTResult" name="test_valid_stt_result" time="0.000" /><testcase classname="tests.voice.test_schemas.TestSTTResult" name="test_confidence_range" time="0.000" /><testcase classname="tests.voice.test_schemas.TestSTTResult" name="test_empty_transcript_rejected" time="0.000" /><testcase classname="tests.voice.test_schemas.TestTTSRequest" name="test_valid_tts_request" time="0.000" /><testcase classname="tests.voice.test_schemas.TestTTSRequest" name="test_text_length_limit" time="0.000" /><testcase classname="tests.voice.test_schemas.TestTTSRequest" name="test_empty_text_rejected" time="0.000" /><testcase classname="tests.voice.test_schemas.TestAudioMetadata" name="test_valid_metadata" time="0.000" /><testcase classname="tests.voice.test_schemas.TestAudioMetadata" name="test_sample_rate_bounds" time="0.000" /><testcase classname="tests.voice.test_schemas.TestAudioMetadata" name="test_channels_validation" time="0.000" /><testcase classname="tests.voice.test_schemas.TestVoiceResponse" name="test_valid_response" time="0.000" /><testcase classname="tests.voice.test_schemas.TestVoiceResponse" name="test_empty_strings_rejected" time="0.000" /><testcase classname="tests.voice.test_speaker_verifier.TestPCMConversion" name="test_valid_conversion" time="0.000" /><testcase classname="tests.voice.test_speaker_verifier.TestPCMConversion" name="test_empty_bytes_raises" time="0.000" /><testcase classname="tests.voice.test_speaker_verifier.TestPCMConversion" name="test_odd_byte_count_raises" time="0.000" /><testcase classname="tests.voice.test_speaker_verifier.TestPCMConversion" name="test_silence_converts_to_zeros" time="0.000" /><testcase classname="tests.voice.test_speaker_verifier.TestPCMConversion" name="test_output_range" time="0.000" /><testcase classname="tests.voice.test_speaker_verifier.TestSNREstimation" name="test_clean_signal_high_snr" time="0.001" /><testcase classname="tests.voice.test_speaker_verifier.TestSNREstimation" name="test_silence_zero_snr" time="0.000" /><testcase classname="tests.voice.test_speaker_verifier.TestSNREstimation" name="test_noisy_signal_low_snr" time="0.001" /><testcase classname="tests.voice.test_speaker_verifier.TestSNREstimation" name="test_empty_array" time="0.000" /><testcase classname="tests.voice.test_speaker_verifier.TestSNREstimation" name="test_snr_clamped_to_60" time="0.001" /><testcase classname="tests.voice.test_speaker_verifier.TestLivenessHeuristic" name="test_live_speech_not_suspect" time="0.001" /><testcase classname="tests.voice.test_speaker_verifier.TestLivenessHeuristic" name="test_empty_features" time="0.000" /><testcase classname="tests.voice.test_speaker_verifier.TestLivenessHeuristic" name="test_feature_keys" time="0.001" /><testcase classname="tests.voice.test_speaker_verifier.TestEnrollment" name="test_successful_enrollment" time="0.012" /><testcase classname="tests.voice.test_speaker_verifier.TestEnrollment" name="test_enrollment_rejects_short_samples" time="0.003" /><testcase classname="tests.voice.test_speaker_verifier.TestEnrollment" name="test_enrollment_fewer_than_3_rejected_by_schema" time="0.004" /><testcase classname="tests.voice.test_speaker_verifier.TestEnrollment" name="test_enrollment_invalid_base64_handled" time="0.008" /><testcase classname="tests.voice.test_speaker_verifier.TestVerification" name="test_verify_matching_speaker" time="0.010" /><testcase classname="tests.voice.test_speaker_verifier.TestVerification" name="test_verify_different_speaker" time="0.010" /><testcase classname="tests.voice.test_speaker_verifier.TestVerification" name="test_verify_no_voiceprint" time="0.003" /><testcase classname="tests.voice.test_speaker_verifier.TestVerification" name="test_verify_empty_audio" time="0.002" /><testcase classname="tests.voice.test_speaker_verifier.TestVerification" name="test_verify_short_audio" time="0.009" /><testcase classname="tests.voice.test_speaker_verifier.TestVerification" name="test_mic_mismatch_relaxes_threshold" time="0.010" /><testcase classname="tests.voice.test_speaker_verifier.TestVoiceprintManagement" name="test_status_not_enrolled" time="0.002" /><testcase classname="tests.voice.test_speaker_verifier.TestVoiceprintManagement" name="test_status_after_enrollment" time="0.009" /><testcase classname="tests.voice.test_speaker_verifier.TestVoiceprintManagement" name="test_delete_voiceprint" time="0.009" /><testcase classname="tests.voice.test_speaker_verifier.TestVoiceprintManagement" name="test_delete_nonexistent_returns_false" time="0.002" /><testcase classname="tests.voice.test_speaker_verifier.TestVoiceprintManagement" name="test_stats_empty" time="0.001" /><testcase classname="tests.voice.test_speaker_verifier.TestVoiceprintManagement" name="test_stats_after_updates" time="0.003" /><testcase classname="tests.voice.test_speaker_verifier.TestVoiceprintManagement" name="test_stats_rolling_window" time="0.002" /><testcase classname="tests.voice.test_speaker_verifier.TestDecisionValidatorSpeakerGate" name="test_voice_input_unverified_blocked" time="0.000" /><testcase classname="tests.voice.test_speaker_verifier.TestDecisionValidatorSpeakerGate" name="test_voice_input_verified_passes" time="0.000" /><testcase classname="tests.voice.test_speaker_verifier.TestDecisionValidatorSpeakerGate" name="test_text_input_no_voice_gate" time="0.000" /><testcase classname="tests.voice.test_speaker_verifier.TestVoiceprintEncryption" name="test_voiceprint_encrypted_on_disk" time="0.009" /><testcase classname="tests.voice.test_speaker_verifier.TestSpeakerVerificationSchemas" name="test_enroll_request_min_samples" time="0.000" /><testcase classname="tests.voice.test_speaker_verifier.TestSpeakerVerificationSchemas" name="test_enroll_request_max_samples" time="0.000" /><testcase classname="tests.voice.test_speaker_verifier.TestSpeakerVerificationSchemas" name="test_verify_response_defaults" time="0.000" /><testcase classname="tests.voice.test_speaker_verifier.TestSpeakerVerificationSchemas" name="test_voiceprint_data_fields" time="0.000" /><testcase classname="tests.voice.test_speaker_verifier.TestSpeakerVerificationSchemas" name="test_stats_response_defaults" time="0.000" /><testcase classname="tests.voice.test_voice_controller.TestVoiceControllerInitialization" name="test_init_with_macos_engines" time="0.000"><skipped type="pytest.skip" message="src.voice.voice_controller module not yet implemented">/Users/mac_m3/Projects/WARP Ecosystem/atlas/tests/voice/test_voice_controller.py:69: src.voice.voice_controller module not yet implemented</skipped></testcase><testcase classname="tests.voice.test_voice_controller.TestVoiceControllerInitialization" name="test_init_with_openai_engines" time="0.000"><skipped type="pytest.skip" message="src.voice.voice_controller module not yet implemented">/Users/mac_m3/Projects/WARP Ecosystem/atlas/tests/voice/test_voice_controller.py:88: src.voice.voice_controller module not yet implemented</skipped></testcase><testcase classname="tests.voice.test_voice_controller.TestVoiceControllerInitialization" name="test_init_loads_settings_from_l4" time="0.000"><skipped type="pytest.skip" message="src.voice.voice_controller module not yet implemented">/Users/mac_m3/Projects/WARP Ecosystem/atlas/tests/voice/test_voice_controller.py:105: src.voice.voice_controller module not yet implemented</skipped></testcase><testcase classname="tests.voice.test_voice_controller.TestVoiceControllerPipeline" name="test_process_voice_query_success" time="0.000"><skipped type="pytest.skip" message="src.voice.voice_controller module not yet implemented">/Users/mac_m3/Projects/WARP Ecosystem/atlas/tests/voice/test_voice_controller.py:129: src.voice.voice_controller module not yet implemented</skipped></testcase><testcase classname="tests.voice.test_voice_controller.TestVoiceControllerPipeline" name="test_unsafe_command_blocked" time="0.000"><skipped type="pytest.skip" message="src.voice.voice_controller module not yet implemented">/Users/mac_m3/Projects/WARP Ecosystem/atlas/tests/voice/test_voice_controller.py:160: src.voice.voice_controller module not yet implemented</skipped></testcase><testcase classname="tests.voice.test_voice_controller.TestVoiceControllerPipeline" name="test_confirmation_required_command" time="0.000"><skipped type="pytest.skip" message="src.voice.voice_controller module not yet implemented">/Users/mac_m3/Projects/WARP Ecosystem/atlas/tests/voice/test_voice_controller.py:200: src.voice.voice_controller module not yet implemented</skipped></testcase><testcase classname="tests.voice.test_voice_controller.TestVoiceControllerMemory" name="test_l3_episodic_logging" time="0.000"><skipped type="pytest.skip" message="src.voice.voice_controller module not yet implemented">/Users/mac_m3/Projects/WARP Ecosystem/atlas/tests/voice/test_voice_controller.py:232: src.voice.voice_controller module not yet implemented</skipped></testcase><testcase classname="tests.voice.test_voice_controller.TestVoiceControllerMemory" name="test_l4_preference_storage" time="0.000"><skipped type="pytest.skip" message="src.voice.voice_controller module not yet implemented">/Users/mac_m3/Projects/WARP Ecosystem/atlas/tests/voice/test_voice_controller.py:254: src.voice.voice_controller module not yet implemented</skipped></testcase><testcase classname="tests.voice.test_voice_controller.TestVoiceControllerSettings" name="test_get_settings" time="0.000"><skipped type="pytest.skip" message="src.voice.voice_controller module not yet implemented">/Users/mac_m3/Projects/WARP Ecosystem/atlas/tests/voice/test_voice_controller.py:278: src.voice.voice_controller module not yet implemented</skipped></testcase><testcase classname="tests.voice.test_voice_controller.TestVoiceControllerSettings" name="test_update_settings" time="0.000"><skipped type="pytest.skip" message="src.voice.voice_controller module not yet implemented">/Users/mac_m3/Projects/WARP Ecosystem/atlas/tests/voice/test_voice_controller.py:296: src.voice.voice_controller module not yet implemented</skipped></testcase><testcase classname="tests.voice.test_voice_controller.TestVoiceControllerSettings" name="test_settings_validation" time="0.000"><skipped type="pytest.skip" message="src.voice.voice_controller module not yet implemented">/Users/mac_m3/Projects/WARP Ecosystem/atlas/tests/voice/test_voice_controller.py:322: src.voice.voice_controller module not yet implemented</skipped></testcase><testcase classname="tests.voice.test_voice_controller.TestVoiceControllerErrorHandling" name="test_stt_failure_logged" time="0.000"><skipped type="pytest.skip" message="src.voice.voice_controller module not yet implemented">/Users/mac_m3/Projects/WARP Ecosystem/atlas/tests/voice/test_voice_controller.py:346: src.voice.voice_controller module not yet implemented</skipped></testcase><testcase classname="tests.voice.test_voice_controller.TestVoiceControllerErrorHandling" name="test_tts_failure_graceful" time="0.000"><skipped type="pytest.skip" message="src.voice.voice_controller module not yet implemented">/Users/mac_m3/Projects/WARP Ecosystem/atlas/tests/voice/test_voice_controller.py:372: src.voice.voice_controller module not yet implemented</skipped></testcase><testcase classname="tests.voice.test_voice_controller.TestVoiceControllerErrorHandling" name="test_invalid_audio_data" time="0.000"><skipped type="pytest.skip" message="src.voice.voice_controller module not yet implemented">/Users/mac_m3/Projects/WARP Ecosystem/atlas/tests/voice/test_voice_controller.py:396: src.voice.voice_controller module not yet implemented</skipped></testcase><testcase classname="tests.voice.test_voice_controller.TestVoiceControllerMetadata" name="test_response_time_tracking" time="0.000"><skipped type="pytest.skip" message="src.voice.voice_controller module not yet implemented">/Users/mac_m3/Projects/WARP Ecosystem/atlas/tests/voice/test_voice_controller.py:419: src.voice.voice_controller module not yet implemented</skipped></testcase><testcase classname="tests.voice.test_voice_controller.TestVoiceControllerMetadata" name="test_safety_score_in_metadata" time="0.121"><skipped type="pytest.skip" message="src.voice.voice_controller module not yet implemented">/Users/mac_m3/Projects/WARP Ecosystem/atlas/tests/voice/test_voice_controller.py:439: src.voice.voice_controller module not yet implemented</skipped></testcase></testsuite></testsuites>